Battery History (0% used, 184 used of 256KB, 7 strings using 448):
                    0 (9) RESET:TIME: 2015-02-17-05-36-04
                    0 (1) 042 status=charging health=good plug=usb temp=292 volt=3897 +running +plugged phone_signal_strength=great +charging
                    0 (2) 042 top=1000:"com.android.settings"
                    0 (2) 042 user=0:"0"
                    0 (2) 042 userfg=0:"0"
            +55s041ms (2) 042 +wake_lock=1000:"*alarm*:android.intent.action.TIME_TICK"
            +55s167ms (1) 042 -wake_lock
          +2m08s461ms (2) 043 volt=7794
          +2m22s904ms (2) 043 +wake_lock=1000:"PhoneWindowManager.mPowerKeyWakeLock"
          +2m22s913ms (3) 043 +screen brightness=medium screenwake=1000:"android.policy:POWER"
          +2m24s902ms (2) 043 -top=1000:"com.android.settings"
          +2m24s902ms (2) 043 +top=u0a21:"com.google.android.googlequicksearchbox"
          +2m27s837ms (2) 043 -top=u0a21:"com.google.android.googlequicksearchbox"
          +2m27s837ms (2) 043 +top=1000:"com.android.settings"
          +2m28s806ms (2) 043 -top=1000:"com.android.settings"
          +2m28s806ms (2) 043 +top=u0a21:"com.google.android.googlequicksearchbox"
          +2m29s459ms (2) 043 -top=u0a21:"com.google.android.googlequicksearchbox"
          +2m29s460ms (2) 043 +top=u0a83:"eu.chainfire.supersu"
          +2m30s413ms (2) 043 -top=u0a83:"eu.chainfire.supersu"
          +2m30s413ms (2) 043 +top=u0a21:"com.google.android.googlequicksearchbox"

Per-PID Stats:
  PID 0 wake time: +901ms
  PID 898 wake time: +619ms
  PID 0 wake time: +8s313ms
  PID 1381 wake time: +78ms
  PID 0 wake time: +388ms
  PID 898 wake time: +191ms
  PID 898 wake time: +383ms

Daily stats:
  Current start time: 2015-02-17-05-30-07
  Next min deadline: 2015-02-18-01-00-00
  Next max deadline: 2015-02-18-03-00-00
  Current daily charge step durations:
    #0: +2m9s233ms to 43 (screen-off, power-save-off, device-idle-off)
      Charge total time: 3h 35m 23s 300ms  (from 1 steps)
      Charge screen off time: 3h 35m 23s 300ms  (from 1 steps)
  Daily from 2016-01-01-07-02-15 to 2015-05-24-12-42-49:
    Package changes:
      Update com.quicinc.trepn vers=7

Statistics since last charge:
  System starts: 0, currently on battery: false
  Time on battery: 0ms (0.0%) realtime, 0ms (0.0%) uptime
  Time on battery screen off: 0ms (0.0%) realtime, 0ms (0.0%) uptime
  Total run time: 2m 33s 495ms realtime, 2m 33s 496ms uptime
  Start clock time: 2015-02-17-05-36-04
  Screen on: 0ms (--%) 1x, Interactive: 0ms (--%)
  Screen brightnesses: (no activity)
  Mobile total received: 0B, sent: 0B (packets received 0, sent 0)
  Phone signal levels: (no activity)
  Signal scanning time: 0ms
  Radio types: (no activity)
  Mobile radio active time: 0ms (--%) 0x
  Wi-Fi total received: 0B, sent: 0B (packets received 0, sent 0)
  Wifi on: 0ms (--%), Wifi running: 0ms (--%)
  Wifi states: (no activity)
  Wifi supplicant states: (no activity)
  Wifi signal levels: (no activity)
  WiFi Idle time: 0ms (--%)
  WiFi Rx time:   0ms (--%)
  WiFi Tx time:   0ms (--%)
  WiFi Power drain: 0mAh
  Bluetooth Idle time: 0ms (--%)
  Bluetooth Rx time:   0ms (--%)
  Bluetooth Tx time:   0ms (--%)
  Bluetooth Power drain: 0mAh

  Device battery use since last full charge
    Amount discharged (lower bound): 0
    Amount discharged (upper bound): 0
    Amount discharged while screen on: 0
    Amount discharged while screen off: 0

  1000:
    Wake lock *alarm* realtime
    Wake lock PhoneWindowManager.mPowerKeyWakeLock realtime
    Wake lock AudioMix realtime
    Wake lock *vibrator* realtime
    Wake lock *launch* realtime
    Sensor 1: (not used)
  1001:
    (nothing executed)
  1013:
    Wake lock AudioMix realtime
  1027:
    Wake lock NfcService:mRoutingWakeLock realtime
  u0a1:
    (nothing executed)
  u0a2:
    (nothing executed)
  u0a3:
    (nothing executed)
  u0a5:
    (nothing executed)
  u0a6:
    (nothing executed)
  u0a9:
    (nothing executed)
  u0a11:
    (nothing executed)
  u0a13:
    (nothing executed)
  u0a19:
    Wake lock AudioMix realtime
  u0a21:
    Wake lock *vibrator* realtime
    Wake lock *launch* realtime
  u0a26:
    (nothing executed)
  u0a52:
    (nothing executed)
  u0a83:
    Wake lock *launch* realtime
    Apk eu.chainfire.supersu:
      (nothing executed)

