Battery History (0% used, 544 used of 4096KB, 8 strings using 332):
                    0 (14) RESET:TIME: 2020-11-16-14-47-06
                    0 (1) 095 status=charging health=good plug=ac temp=330 volt=4337 charge=2956 modemRailChargemAh=0 wifiRailChargemAh=0 +running +mobile_radio +plugged data_conn=lte_ca phone_signal_strength=good +video +charging +usb_data wifi_signal_strength=2 wifi_suppl=completed +ble_scan
                    0 (2) 095 fg=1000:"com.miui.securitycenter"
                    0 (2) 095 fg=1000:"com.miui.notification"
                    0 (2) 095 top=u0a171:"com.facebook.orca"
                    0 (2) 095 user=0:"0"
                    0 (3) 095 +wake_lock=1001:"*telephony-radio*" userfg=0:"0"
                 +9ms (1) 095 -wake_lock
                +10ms (2) 095 +wake_lock=1000:"*telephony-radio*"
                +22ms (1) 095 -wake_lock
                +22ms (3) 095 +wake_lock=1001:"*telephony-radio*" stats=0:"dump"
                +89ms (1) 095 -wake_lock
             +4s818ms (2) 095 +wake_lock=1001:"*telephony-radio*"
             +4s821ms (1) 095 -wake_lock
             +4s822ms (3) 095 +wake_lock=1001:"*telephony-radio*" -mobile_radio stats=0:"modem-data"
             +4s874ms (2) 095 -wake_lock data_conn=lte
             +5s102ms (2) 095 +wake_lock=1001:"*telephony-radio*"
             +5s104ms (1) 095 -wake_lock
             +5s104ms (2) 095 +wake_lock=1000:"*telephony-radio*"
             +5s118ms (2) 095 -wake_lock stats=0:"dump"
             +5s191ms (2) 095 +wake_lock=1001:"*telephony-radio*"
             +5s193ms (1) 095 -wake_lock

Total cpu time reads: 0
Batched cpu time reads: 0
Batching Duration (min): 1944
All UID cpu time reads since the later of device start or stats reset: 8
UIDs removed since the later of device start or stats reset: 0
