Battery History (0% used, 8832 used of 4096KB, 144 strings using 16KB):
                    0 (14) RESET:TIME: 2020-11-13-12-28-54
                    0 (2) 095 status=discharging health=good plug=none temp=260 volt=4354 charge=3177 modemRailChargemAh=0 wifiRailChargemAh=0 +running +wake_lock +screen phone_signal_strength=great brightness=dim wifi_signal_strength=2 wifi_suppl=completed +ble_scan fg=1000:"com.miui.securitycenter"
                    0 (2) 095 fg=1000:"com.miui.notification"
                    0 (2) 095 top=u0a133:"com.miui.securityadd.home"
                    0 (2) 095 user=0:"0"
                    0 (2) 095 userfg=0:"0"
                    0 (2) 095 tmpwhitelist=u0a46:"broadcast:u0a46:com.google.android.intent.action.GCM_RECONNECT"
                 +3ms (2) 095 stats=0:"screen-state"
               +173ms (2) 095 stats=0:"get-stats"
               +220ms (2) 095 stats=0:"get-stats"
               +372ms (2) 095 stats=0:"get-stats"
             +2s072ms (3) 095 -screen phone_signal_strength=good stats=0:"screen-state"
             +2s340ms (3) 095 volt=4246 charge=3176 brightness=dark
             +4s934ms (1) 095
             +7s370ms (2) 095 stats=0:"wakelock-change"
             +9s702ms (2) 095 -tmpwhitelist=u0a46:"broadcast:u0a46:com.google.android.intent.action.GCM_RECONNECT"
            +31s935ms (2) 095 +tmpwhitelist=u0a46:"broadcast:u0a46:com.google.android.intent.action.GCM_RECONNECT"
            +35s417ms (3) 095 +screen screenwake=1000:"android.policy:POWER"
            +35s434ms (3) 095 brightness=dim stats=0:"screen-state"
            +35s608ms (2) 095 +longwake=1000:"ConnectivityService"
            +35s609ms (3) 095 phone_signal_strength=great -longwake=1000:"ConnectivityService"
            +37s932ms (2) 095 phone_signal_strength=good
            +40s172ms (2) 095 phone_signal_strength=great
            +41s953ms (3) 095 brightness=dark -tmpwhitelist=u0a46:"broadcast:u0a46:com.google.android.intent.action.GCM_RECONNECT"
            +45s809ms (3) 095 -wake_lock -screen stats=0:"screen-state"
            +45s875ms (2) 095 +wake_lock=1001:"*telephony-radio*"
            +45s880ms (1) 095 -wake_lock
            +45s880ms (2) 095 +wake_lock=1001:"*telephony-radio*"
            +45s908ms (1) 095 -wake_lock
            +45s909ms (2) 095 +wake_lock=1001:"*telephony-radio*"
            +45s910ms (1) 095 -running -wake_lock
          +1m05s343ms (2) 095 +running +wake_lock=1000:"startDream" wake_reason=0:"Abort:Wakeup IRQ detected during suspend: 60 qcom,glink-smem-native-xprt-modem"
          +1m06s804ms (1) 095 -running -wake_lock
          +1m26s922ms (2) 095 +running wake_reason=0:"Abort:Wakeup IRQ detected during suspend: 61 qcom,glink-smem-native-xprt-adsp"
          +1m27s544ms (1) 095 -running
          +1m30s339ms (3) 095 status=not-charging charge=3175 +running +wake_lock=1001:"*telephony-radio*" wake_reason=0:"Abort:Wakeup IRQ detected during suspend: 630 type-c-change"
          +1m31s284ms (1) 095 -wake_lock
          +1m31s284ms (3) 095 +wake_lock=1000:"*telephony-radio*" stats=0:"battery-state"
          +1m31s366ms (4) 095 status=charging plug=usb volt=4259 -wake_lock +screen +plugged +charging screenwake=1000:"android.server.power:PLUGGED:true"
          +1m31s391ms (4) 095 +wake_lock=-1:"screen" phone_signal_strength=good brightness=dim stats=0:"screen-state"
          +1m31s507ms (2) 095 stats=0:"get-stats"
          +1m32s093ms (2) 095 stats=0:"get-stats"
          +1m32s509ms (2) 095 volt=4282
          +1m32s631ms (2) 095 plug=ac +usb_data
          +1m34s415ms (3) 095 volt=4355 charge=3176 stats=0:"dump"
          +1m36s399ms (2) 095 +tmpwhitelist=u0a46:"broadcast:u0a46:com.google.android.intent.action.GCM_RECONNECT"
          +1m37s163ms (2) 095 stats=0:"get-stats"
          +1m40s640ms (2) 095 phone_signal_strength=great
          +1m46s401ms (3) 095 -wake_lock -screen -tmpwhitelist=u0a46:"broadcast:u0a46:com.google.android.intent.action.GCM_RECONNECT"
          +1m46s725ms (4) 095 +wake_lock=1000:"PhoneWindowManager.mPowerKeyWakeLock" brightness=dark stats=0:"screen-state"
          +1m46s916ms (3) 095 +screen brightness=dim screenwake=1000:"android.policy:POWER"
          +1m46s925ms (2) 095 stats=0:"get-stats"
          +1m46s943ms (2) 095 stats=0:"screen-state"
          +1m48s086ms (2) 095 -top=u0a133:"com.miui.securityadd.home"
          +1m48s101ms (2) 095 +top=1000:"com.android.settings"
          +1m48s516ms (2) 095 charge=3179 stats=0:"get-stats"
          +1m52s827ms (2) 095 -top=1000:"com.android.settings"
          +1m52s827ms (2) 095 +top=u0a133:"com.miui.securityadd.home"
          +1m56s097ms (3) 095 brightness=medium +job=u0a57:"com.google.android.googlequicksearchbox/com.google.android.apps.gsa.tasks.BackgroundTasksJobService"
          +1m56s123ms (2) 095 +tmpwhitelist=u0a46:"sync by top app"
          +1m56s154ms (2) 095 -job=u0a57:"com.google.android.googlequicksearchbox/com.google.android.apps.gsa.tasks.BackgroundTasksJobService"
          +1m56s209ms (2) 095 -top=u0a133:"com.miui.securityadd.home"
          +1m56s210ms (2) 095 +top=u0a69:"com.miui.home"
          +1m56s211ms (2) 095 +tmpwhitelist=u0a162:"sync by top app"
          +1m56s287ms (2) 095 +tmpwhitelist=u0a81:"sync by top app"
          +1m56s356ms (2) 095 +tmpwhitelist=u0a125:"sync by top app"
          +1m56s387ms (2) 095 +tmpwhitelist=u0a164:"sync by top app"
          +1m56s396ms (2) 095 +tmpwhitelist=u0a152:"sync by top app"
          +1m56s431ms (2) 095 +tmpwhitelist=u0a159:"sync by top app"
          +1m56s686ms (2) 095 +tmpwhitelist=u0a111:"sync by top app"
          +1m56s718ms (2) 095 +tmpwhitelist=u0a92:"sync by top app"
          +1m56s762ms (2) 095 +tmpwhitelist=u0a277:"sync by top app"
          +1m56s767ms (2) 095 +tmpwhitelist=u0a179:"sync by top app"
          +1m56s772ms (2) 095 +tmpwhitelist=u0a200:"sync by top app"
          +1m56s777ms (2) 095 +tmpwhitelist=u0a203:"sync by top app"
          +1m56s786ms (2) 095 +tmpwhitelist=u0a88:"sync by top app"
          +1m56s798ms (2) 095 +tmpwhitelist=u0a18:"sync by top app"
          +1m57s922ms (2) 095 charge=3180 phone_signal_strength=good
          +1m59s551ms (2) 095 +job=u0a163:"com.google.android.apps.photos/.dbprocessor.impl.DatabaseProcessorJobService"
          +1m59s620ms (2) 095 -job=u0a163:"com.google.android.apps.photos/.dbprocessor.impl.DatabaseProcessorJobService"
          +2m01s751ms (1) 095 charge=3181
          +2m05s760ms (3) 095 +mobile_radio data_conn=lte +wifi conn=0:"CONNECTED"
          +2m06s196ms (2) 095 +job=u0a159:"com.google.android.videos.sync/com.google/armindoquilhoado@gmail.com:android"
          +2m06s231ms (2) 095 +job=u0a183:"com.touchtype.swiftkey/com.touchtype.scheduler.SwiftKeyJobService"
          +2m06s247ms (2) 095 +job=u0a46:"com.google.android.gms.fitness/com.google/armindoquilhoado@gmail.com:android"
          +2m06s257ms (2) 095 +job=u0a46:"com.google.android.gms.reminders/com.google/armindoquilhoado@gmail.com:android"
          +2m06s261ms (2) 095 +job=u0a46:"com.google.android.gms.plus.action/com.google/armindoquilhoado@gmail.com:android"
          +2m06s263ms (2) 095 -job=u0a159:"com.google.android.videos.sync/com.google/armindoquilhoado@gmail.com:android"
          +2m06s291ms (2) 095 +wifi_scan +wifi_running wifi_suppl=disconn +job=u0a149:"com.google.android.webview/org.chromium.android_webview.services.AwVariationsSeedFetcher"
          +2m06s422ms (2) 095 stats=0:"wifi-off"
          +2m06s456ms (2) 095 stats=0:"wifi-running"
          +2m06s501ms (2) 095 +sync=u0a46:"com.google.android.gms.fitness/com.google/armindoquilhoado@gmail.com"
          +2m06s519ms (2) 095 +sync=u0a46:"com.google.android.gms.reminders/com.google/armindoquilhoado@gmail.com"
          +2m06s539ms (2) 095 +sync=u0a46:"com.google.android.gms.plus.action/com.google/armindoquilhoado@gmail.com"
          +2m06s585ms (2) 095 -job=u0a46:"com.google.android.gms.reminders/com.google/armindoquilhoado@gmail.com:android"
          +2m06s591ms (2) 095 -sync=u0a46:"com.google.android.gms.reminders/com.google/armindoquilhoado@gmail.com"
          +2m06s608ms (2) 095 -sync=u0a46:"com.google.android.gms.fitness/com.google/armindoquilhoado@gmail.com"
          +2m06s623ms (2) 095 +job=u0a163:"com.google.android.apps.photos/com.google.android.libraries.notifications.entrypoints.scheduled.ScheduledTaskService"
          +2m06s623ms (2) 095 -job=u0a46:"com.google.android.gms.fitness/com.google/armindoquilhoado@gmail.com:android"
          +2m06s637ms (2) 095 +job=u0a46:"com.google.android.gms.games/com.google/rui.rrua@gmail.com:android"
          +2m06s681ms (2) 095 +sync=u0a46:"com.google.android.gms.games/com.google/rui.rrua@gmail.com"
          +2m06s690ms (2) 095 -job=u0a46:"com.google.android.gms.games/com.google/rui.rrua@gmail.com:android"
          +2m06s694ms (2) 095 -sync=u0a46:"com.google.android.gms.games/com.google/rui.rrua@gmail.com"
          +2m06s706ms (2) 095 +job=u0a46:"com.google.android.gms.plus.action/com.google/rui.rrua@gmail.com:android"
          +2m06s713ms (2) 095 -job=u0a46:"com.google.android.gms.plus.action/com.google/rui.rrua@gmail.com:android"
          +2m06s723ms (2) 095 +job=u0a46:"com.google.android.gms.chromesync/com.google/rui.rrua@gmail.com:android"
          +2m06s766ms (2) 095 +sync=u0a46:"com.google.android.gms.chromesync/com.google/rui.rrua@gmail.com"
          +2m06s767ms (2) 095 -job=u0a46:"com.google.android.gms.plus.action/com.google/armindoquilhoado@gmail.com:android"
          +2m06s774ms (2) 095 -sync=u0a46:"com.google.android.gms.plus.action/com.google/armindoquilhoado@gmail.com"
          +2m06s788ms (2) 095 +job=u0a46:"com.google.android.gms.drive.sync/com.google/rui.rrua@gmail.com:android"
          +2m06s800ms (2) 095 +sync=u0a46:"com.google.android.gms.drive.sync/com.google/rui.rrua@gmail.com"
          +2m06s822ms (2) 095 -job=u0a183:"com.touchtype.swiftkey/com.touchtype.scheduler.SwiftKeyJobService"
          +2m06s846ms (2) 095 +job=u0a46:"com.google.android.gms.auth.accountstate/com.google/rui.rrua@gmail.com:android"
          +2m06s851ms (2) 095 -job=u0a149:"com.google.android.webview/org.chromium.android_webview.services.AwVariationsSeedFetcher"
          +2m06s868ms (2) 095 +job=u0a46:"com.google.android.gms.games/com.google/armindoquilhoado@gmail.com:android"
          +2m06s896ms (2) 095 +sync=u0a46:"com.google.android.gms.auth.accountstate/com.google/rui.rrua@gmail.com"
          +2m06s920ms (2) 095 -sync=u0a46:"com.google.android.gms.drive.sync/com.google/rui.rrua@gmail.com"
          +2m06s929ms (2) 095 +job=u0a46:"subscribedfeeds/com.google/armindoquilhoado@gmail.com:android"
          +2m06s929ms (2) 095 -job=u0a46:"com.google.android.gms.drive.sync/com.google/rui.rrua@gmail.com:android"
          +2m06s946ms (2) 095 -sync=u0a46:"com.google.android.gms.chromesync/com.google/rui.rrua@gmail.com"
          +2m06s964ms (2) 095 +job=u0a46:"com.google.android.gms.people/com.google/rui.rrua@gmail.com:android"
          +2m06s965ms (2) 095 -job=u0a46:"com.google.android.gms.chromesync/com.google/rui.rrua@gmail.com:android"
          +2m06s974ms (2) 095 +job=u0a46:"com.google.android.gms.games.background/com.google/rui.rrua@gmail.com:android"
          +2m06s985ms (2) 095 +sync=u0a46:"com.google.android.gms.games/com.google/armindoquilhoado@gmail.com"
          +2m06s999ms (2) 095 +sync=u0a46:"subscribedfeeds/com.google/armindoquilhoado@gmail.com"
          +2m07s012ms (2) 095 +sync=u0a46:"com.google.android.gms.people/com.google/rui.rrua@gmail.com"
          +2m07s026ms (2) 095 +sync=u0a46:"com.google.android.gms.games.background/com.google/rui.rrua@gmail.com"
          +2m07s030ms (2) 095 -job=u0a46:"com.google.android.gms.auth.accountstate/com.google/rui.rrua@gmail.com:android"
          +2m07s035ms (2) 095 -sync=u0a46:"com.google.android.gms.auth.accountstate/com.google/rui.rrua@gmail.com"
          +2m07s048ms (2) 095 +job=u0a46:"com.google.android.gms.reminders/com.google/rui.rrua@gmail.com:android"
          +2m07s060ms (2) 095 +sync=u0a46:"com.google.android.gms.reminders/com.google/rui.rrua@gmail.com"
          +2m07s064ms (2) 095 -job=u0a46:"com.google.android.gms.games.background/com.google/rui.rrua@gmail.com:android"
          +2m07s074ms (2) 095 -sync=u0a46:"com.google.android.gms.games.background/com.google/rui.rrua@gmail.com"
          +2m07s085ms (2) 095 +job=u0a46:"com.google.android.gms.chromesync/com.google/armindoquilhoado@gmail.com:android"
          +2m07s089ms (2) 095 -job=u0a46:"com.google.android.gms.games/com.google/armindoquilhoado@gmail.com:android"
          +2m07s094ms (3) 095 data_conn=lte_ca -sync=u0a46:"com.google.android.gms.games/com.google/armindoquilhoado@gmail.com"
          +2m07s135ms (2) 095 +job=u0a46:"com.google.android.gms.fitness/com.google/rui.rrua@gmail.com:android"
          +2m07s187ms (2) 095 +sync=u0a46:"com.google.android.gms.chromesync/com.google/armindoquilhoado@gmail.com"
          +2m07s222ms (2) 095 +sync=u0a46:"com.google.android.gms.fitness/com.google/rui.rrua@gmail.com"
          +2m07s225ms (2) 095 -job=u0a46:"com.google.android.gms.reminders/com.google/rui.rrua@gmail.com:android"
          +2m07s231ms (2) 095 -sync=u0a46:"com.google.android.gms.reminders/com.google/rui.rrua@gmail.com"
          +2m07s239ms (2) 095 +job=u0a46:"com.android.contacts/com.google/armindoquilhoado@gmail.com:android"
          +2m07s255ms (2) 095 +sync=u0a46:"com.android.contacts/com.google/armindoquilhoado@gmail.com"
          +2m07s286ms (2) 095 -job=u0a46:"com.google.android.gms.chromesync/com.google/armindoquilhoado@gmail.com:android"
          +2m07s295ms (2) 095 -sync=u0a46:"com.google.android.gms.chromesync/com.google/armindoquilhoado@gmail.com"
          +2m07s306ms (2) 095 +job=u0a46:"subscribedfeeds/com.google/rui.rrua@gmail.com:android"
          +2m07s307ms (2) 095 -job=u0a46:"com.google.android.gms.fitness/com.google/rui.rrua@gmail.com:android"
          +2m07s314ms (2) 095 -sync=u0a46:"com.google.android.gms.fitness/com.google/rui.rrua@gmail.com"
          +2m07s329ms (2) 095 +job=u0a46:"com.google.android.gms.drive.sync/com.google/armindoquilhoado@gmail.com:android"
          +2m07s334ms (2) 095 -job=u0a46:"subscribedfeeds/com.google/rui.rrua@gmail.com:android"
          +2m07s352ms (2) 095 +job=u0a46:"com.google.android.gms.people/com.google/armindoquilhoado@gmail.com:android"
          +2m07s386ms (2) 095 +sync=u0a46:"com.google.android.gms.drive.sync/com.google/armindoquilhoado@gmail.com"
          +2m07s391ms (2) 095 -job=u0a46:"com.google.android.gms.people/com.google/armindoquilhoado@gmail.com:android"
          +2m07s413ms (2) 095 +job=u0a46:"com.android.contacts/com.google/rui.rrua@gmail.com:android"
          +2m07s434ms (2) 095 -job=u0a46:"com.android.contacts/com.google/rui.rrua@gmail.com:android"
          +2m07s453ms (2) 095 +job=u0a46:"com.google.android.gms.auth.confirm/com.google/armindoquilhoado@gmail.com:android"
          +2m07s456ms (2) 095 -job=u0a46:"com.google.android.gms.drive.sync/com.google/armindoquilhoado@gmail.com:android"
          +2m07s466ms (2) 095 -sync=u0a46:"com.google.android.gms.drive.sync/com.google/armindoquilhoado@gmail.com"
          +2m07s472ms (2) 095 +job=u0a46:"com.google.android.gms.auth.confirm/com.google/rui.rrua@gmail.com:android"
          +2m07s491ms (2) 095 +sync=u0a46:"com.google.android.gms.auth.confirm/com.google/armindoquilhoado@gmail.com"
          +2m07s506ms (2) 095 +sync=u0a46:"com.google.android.gms.auth.confirm/com.google/rui.rrua@gmail.com"
          +2m07s513ms (2) 095 -job=u0a46:"com.google.android.gms.auth.confirm/com.google/rui.rrua@gmail.com:android"
          +2m07s519ms (2) 095 -sync=u0a46:"com.google.android.gms.auth.confirm/com.google/rui.rrua@gmail.com"
          +2m07s531ms (2) 095 charge=3182 +job=u0a46:"com.google.android.location.reporting/com.google/rui.rrua@gmail.com:android"
          +2m07s991ms (2) 095 -job=u0a46:"com.google.android.gms.auth.confirm/com.google/armindoquilhoado@gmail.com:android"
          +2m07s995ms (2) 095 -sync=u0a46:"com.google.android.gms.auth.confirm/com.google/armindoquilhoado@gmail.com"
          +2m08s005ms (2) 095 +job=u0a46:"com.google.android.gms.games.background/com.google/armindoquilhoado@gmail.com:android"
          +2m08s020ms (2) 095 +sync=u0a46:"com.google.android.location.reporting/com.google/rui.rrua@gmail.com"
          +2m08s026ms (2) 095 -job=u0a46:"subscribedfeeds/com.google/armindoquilhoado@gmail.com:android"
          +2m08s031ms (2) 095 -sync=u0a46:"subscribedfeeds/com.google/armindoquilhoado@gmail.com"
          +2m08s038ms (2) 095 +job=u0a46:"com.google.android.gms.appstate/com.google/armindoquilhoado@gmail.com:android"
          +2m08s057ms (2) 095 +sync=u0a46:"com.google.android.gms.games.background/com.google/armindoquilhoado@gmail.com"
          +2m08s088ms (2) 095 +sync=u0a46:"com.google.android.gms.appstate/com.google/armindoquilhoado@gmail.com"
          +2m08s098ms (2) 095 -job=u0a46:"com.google.android.gms.games.background/com.google/armindoquilhoado@gmail.com:android"
          +2m08s105ms (2) 095 -sync=u0a46:"com.google.android.gms.games.background/com.google/armindoquilhoado@gmail.com"
          +2m08s107ms (2) 095 stats=0:"dump"
          +2m08s134ms (2) 095 +job=u0a46:"com.google.android.gms.appstate/com.google/rui.rrua@gmail.com:android"
          +2m08s137ms (2) 095 -job=u0a46:"com.google.android.gms.appstate/com.google/armindoquilhoado@gmail.com:android"
          +2m08s146ms (2) 095 -sync=u0a46:"com.google.android.gms.appstate/com.google/armindoquilhoado@gmail.com"
          +2m08s164ms (2) 095 +job=u0a46:"com.google.android.location.reporting/com.google/armindoquilhoado@gmail.com:android"
          +2m08s165ms (2) 095 -job=u0a163:"com.google.android.apps.photos/com.google.android.libraries.notifications.entrypoints.scheduled.ScheduledTaskService"
          +2m08s182ms (2) 095 +job=u0a46:"com.google.android.gms.auth.accountstate/com.google/armindoquilhoado@gmail.com:android"
          +2m08s202ms (2) 095 +sync=u0a46:"com.google.android.gms.appstate/com.google/rui.rrua@gmail.com"
          +2m08s209ms (2) 095 -job=u0a46:"com.google.android.location.reporting/com.google/armindoquilhoado@gmail.com:android"
          +2m08s216ms (2) 095 +job=u0a162:"com.google.android.music.MusicContent/com.google/rui.rrua@gmail.com:android"
          +2m08s238ms (2) 095 +sync=u0a46:"com.google.android.gms.auth.accountstate/com.google/armindoquilhoado@gmail.com"
          +2m08s250ms (2) 095 -job=u0a162:"com.google.android.music.MusicContent/com.google/rui.rrua@gmail.com:android"
          +2m08s256ms (2) 095 +job=u0a92:"com.android.calendar/com.xiaomi/1725404481:android"
          +2m08s261ms (2) 095 -job=u0a46:"com.google.android.gms.appstate/com.google/rui.rrua@gmail.com:android"
          +2m08s266ms (2) 095 -sync=u0a46:"com.google.android.gms.appstate/com.google/rui.rrua@gmail.com"
          +2m08s280ms (2) 095 +job=u0a111:"notes/com.xiaomi/1725404481:android"
          +2m08s285ms (2) 095 +sync=u0a92:"com.android.calendar/com.xiaomi/1725404481"
          +2m08s301ms (2) 095 +sync=u0a111:"notes/com.xiaomi/1725404481"
          +2m08s303ms (2) 095 -job=u0a46:"com.google.android.gms.auth.accountstate/com.google/armindoquilhoado@gmail.com:android"
          +2m08s308ms (2) 095 -sync=u0a46:"com.google.android.gms.auth.accountstate/com.google/armindoquilhoado@gmail.com"
          +2m08s319ms (2) 095 +job=u0a164:"com.google.android.apps.docs/com.google/armindoquilhoado@gmail.com:android"
          +2m08s346ms (2) 095 -job=u0a164:"com.google.android.apps.docs/com.google/armindoquilhoado@gmail.com:android"
          +2m08s353ms (2) 095 +job=u0a125:"com.android.chrome/com.google/rui.rrua@gmail.com:android"
          +2m08s365ms (2) 095 +sync=u0a125:"com.android.chrome/com.google/rui.rrua@gmail.com"
          +2m08s640ms (2) 095 -job=u0a125:"com.android.chrome/com.google/rui.rrua@gmail.com:android"
          +2m08s651ms (2) 095 -sync=u0a125:"com.android.chrome/com.google/rui.rrua@gmail.com"
          +2m08s661ms (2) 095 +job=u0a179:"com.android.contacts/pt.sibs.android.mbway/MBWAY:android"
          +2m08s672ms (2) 095 -job=u0a179:"com.android.contacts/pt.sibs.android.mbway/MBWAY:android"
          +2m08s692ms (2) 095 +job=u0a277:"com.miui.browser.global/com.xiaomi/1725404481:android"
          +2m08s726ms (2) 095 charge=3183 -wifi_scan wifi_suppl=associating +sync=u0a277:"com.miui.browser.global/com.xiaomi/1725404481"
          +2m09s666ms (1) 095 wifi_suppl=associated
          +2m09s668ms (1) 095 wifi_suppl=4-way-handshake
          +2m09s681ms (2) 095 wifi_suppl=group-handshake -job=u0a46:"com.google.android.location.reporting/com.google/rui.rrua@gmail.com:android"
          +2m09s809ms (2) 095 -sync=u0a46:"com.google.android.location.reporting/com.google/rui.rrua@gmail.com"
          +2m09s827ms (2) 095 +job=u0a152:"com.android.calendar/com.google/armindoquilhoado@gmail.com:android"
          +2m09s842ms (2) 095 wifi_suppl=completed +sync=u0a152:"com.android.calendar/com.google/armindoquilhoado@gmail.com"
          +2m10s110ms (2) 095 +fg=u0a116:"com.xiaomi.simactivate.service"
          +2m10s193ms (2) 095 -fg=u0a116:"com.xiaomi.simactivate.service"
          +2m10s223ms (2) 095 +fg=u0a116:"com.xiaomi.simactivate.service"
          +2m10s283ms (2) 095 -fg=u0a116:"com.xiaomi.simactivate.service"
          +2m11s053ms (2) 095 -job=u0a46:"com.android.contacts/com.google/armindoquilhoado@gmail.com:android"
          +2m11s070ms (2) 095 -sync=u0a46:"com.android.contacts/com.google/armindoquilhoado@gmail.com"
          +2m11s075ms (2) 095 +job=u0a164:"com.google.android.apps.docs/com.google/rui.rrua@gmail.com:android"
          +2m11s082ms (2) 095 -job=u0a164:"com.google.android.apps.docs/com.google/rui.rrua@gmail.com:android"
          +2m11s091ms (2) 095 +job=u0a81:"gmail-ls/com.google/rui.rrua@gmail.com:android"
          +2m11s113ms (2) 095 +sync=u0a81:"gmail-ls/com.google/rui.rrua@gmail.com"
          +2m11s309ms (2) 095 -job=u0a46:"com.google.android.gms.people/com.google/rui.rrua@gmail.com:android"
          +2m11s312ms (2) 095 -sync=u0a46:"com.google.android.gms.people/com.google/rui.rrua@gmail.com"
          +2m11s318ms (2) 095 +job=u0a203:"com.twitter.android.provider.TwitterProvider/com.twitter.android.auth.login/RuiRRua:android"
          +2m11s325ms (2) 095 -job=u0a203:"com.twitter.android.provider.TwitterProvider/com.twitter.android.auth.login/RuiRRua:android"
          +2m11s331ms (2) 095 +job=u0a81:"gmail-ls/com.google/armindoquilhoado@gmail.com:android"
          +2m11s337ms (2) 095 +sync=u0a81:"gmail-ls/com.google/armindoquilhoado@gmail.com"
          +2m12s352ms (2) 095 +wifi_radio -mobile_radio stats=0:"wifi-state"
          +2m12s512ms (2) 095 stats=0:"modem-data"
          +2m12s550ms (2) 095 conn=0:"DISCONNECTED"
          +2m12s561ms (2) 095 conn=1:"CONNECTED"
          +2m12s837ms (2) 095 -job=u0a277:"com.miui.browser.global/com.xiaomi/1725404481:android"
          +2m12s879ms (2) 095 +job=u0a81:"com.google.android.gm/.job.ProviderCreatedJob$ProviderCreatedJobService"
          +2m12s898ms (2) 095 -job=u0a81:"gmail-ls/com.google/rui.rrua@gmail.com:android"
          +2m12s915ms (2) 095 +job=u0a81:"com.google.android.gm/com.android.mail.job.NotifyDatasetChangedJob$NotifyDatasetChangedJobService"
          +2m12s916ms (2) 095 -job=u0a92:"com.android.calendar/com.xiaomi/1725404481:android"
          +2m12s919ms (2) 095 -job=u0a111:"notes/com.xiaomi/1725404481:android"
          +2m12s923ms (2) 095 -job=u0a81:"gmail-ls/com.google/armindoquilhoado@gmail.com:android"
          +2m12s929ms (3) 095 data_conn=none -job=u0a152:"com.android.calendar/com.google/armindoquilhoado@gmail.com:android"
          +2m13s013ms (2) 095 -job=u0a81:"com.google.android.gm/.job.ProviderCreatedJob$ProviderCreatedJobService"
          +2m13s042ms (2) 095 -sync=u0a277:"com.miui.browser.global/com.xiaomi/1725404481"
          +2m13s156ms (2) 095 +job=u0a18:"com.amazon.avod.sync/amazon.account/Amazon Video Sync:android"
          +2m13s163ms (2) 095 +job=u0a152:"com.android.calendar/com.google/rui.rrua@gmail.com:android"
          +2m13s165ms (2) 095 +job=u0a92:"com.android.contacts/com.xiaomi/1725404481:android"
          +2m13s167ms (2) 095 +job=u0a200:"com.android.contacts/com.whatsapp/WhatsApp:android"
          +2m13s173ms (2) 095 +job=u0a88:"com.gopro.smarty.content.Cloud/gopro.com/Guest:android"
          +2m13s194ms (2) 095 -sync=u0a81:"gmail-ls/com.google/rui.rrua@gmail.com"
          +2m13s216ms (2) 095 -sync=u0a92:"com.android.calendar/com.xiaomi/1725404481"
          +2m13s248ms (2) 095 -sync=u0a111:"notes/com.xiaomi/1725404481"
          +2m13s282ms (2) 095 -sync=u0a81:"gmail-ls/com.google/armindoquilhoado@gmail.com"
          +2m13s304ms (2) 095 -sync=u0a152:"com.android.calendar/com.google/armindoquilhoado@gmail.com"
          +2m13s330ms (2) 095 -job=u0a88:"com.gopro.smarty.content.Cloud/gopro.com/Guest:android"
          +2m13s357ms (2) 095 +job=u0a90:"com.google.android.apps.maps/com.google.android.apps.gmm.offline.update.OfflineAutoUpdateJobService"
          +2m13s357ms (2) 095 -job=u0a200:"com.android.contacts/com.whatsapp/WhatsApp:android"
          +2m13s363ms (2) 095 +job=u0a92:"wifi/com.xiaomi/1725404481:android"
          +2m13s397ms (2) 095 +sync=u0a152:"com.android.calendar/com.google/rui.rrua@gmail.com"
          +2m13s403ms (2) 095 -job=u0a81:"com.google.android.gm/com.android.mail.job.NotifyDatasetChangedJob$NotifyDatasetChangedJobService"
          +2m13s413ms (2) 095 +sync=u0a92:"com.android.contacts/com.xiaomi/1725404481"
          +2m13s439ms (2) 095 +job=u0a277:"com.miui.browser.global/com.xiaomi/1725404481:android"
          +2m13s448ms (2) 095 -job=u0a18:"com.amazon.avod.sync/amazon.account/Amazon Video Sync:android"
          +2m13s468ms (2) 095 +job=u0a81:"gmail-ls/com.google/rui.rrua@gmail.com:android"
          +2m13s488ms (2) 095 +sync=u0a92:"wifi/com.xiaomi/1725404481"
          +2m13s523ms (2) 095 +sync=u0a277:"com.miui.browser.global/com.xiaomi/1725404481"
          +2m13s586ms (2) 095 +sync=u0a81:"gmail-ls/com.google/rui.rrua@gmail.com"
          +2m13s613ms (2) 095 stats=0:"remove-uid"
          +2m13s655ms (2) 095 -job=u0a152:"com.android.calendar/com.google/rui.rrua@gmail.com:android"
          +2m13s719ms (2) 095 -sync=u0a152:"com.android.calendar/com.google/rui.rrua@gmail.com"
          +2m13s784ms (2) 095 +job=u0a92:"com.android.calendar/com.xiaomi/1725404481:android"
          +2m14s072ms (2) 095 +sync=u0a92:"com.android.calendar/com.xiaomi/1725404481"
          +2m14s101ms (2) 095 -job=u0a92:"com.android.calendar/com.xiaomi/1725404481:android"
          +2m14s114ms (2) 095 -sync=u0a92:"com.android.calendar/com.xiaomi/1725404481"
          +2m14s119ms (2) 095 +job=u0a111:"notes/com.xiaomi/1725404481:android"
          +2m14s183ms (2) 095 +sync=u0a111:"notes/com.xiaomi/1725404481"
          +2m14s205ms (2) 095 -job=u0a111:"notes/com.xiaomi/1725404481:android"
          +2m14s214ms (2) 095 -sync=u0a111:"notes/com.xiaomi/1725404481"
          +2m14s223ms (2) 095 +job=u0a81:"gmail-ls/com.google/armindoquilhoado@gmail.com:android"
          +2m14s282ms (2) 095 +sync=u0a81:"gmail-ls/com.google/armindoquilhoado@gmail.com"
          +2m14s402ms (2) 095 stats=0:"remove-uid"
          +2m14s768ms (2) 095 -job=u0a90:"com.google.android.apps.maps/com.google.android.apps.gmm.offline.update.OfflineAutoUpdateJobService"
          +2m14s785ms (2) 095 +job=u0a152:"com.android.calendar/com.google/armindoquilhoado@gmail.com:android"
          +2m14s819ms (2) 095 +sync=u0a152:"com.android.calendar/com.google/armindoquilhoado@gmail.com"
          +2m15s592ms (2) 095 -job=u0a152:"com.android.calendar/com.google/armindoquilhoado@gmail.com:android"
          +2m15s603ms (2) 095 -sync=u0a152:"com.android.calendar/com.google/armindoquilhoado@gmail.com"
          +2m15s628ms (2) 095 +job=u0a152:"com.android.calendar/com.google/armindoquilhoado@gmail.com:android"
          +2m15s653ms (2) 095 +sync=u0a152:"com.android.calendar/com.google/armindoquilhoado@gmail.com"
          +2m15s743ms (2) 095 -job=u0a92:"wifi/com.xiaomi/1725404481:android"
          +2m15s761ms (2) 095 -sync=u0a92:"wifi/com.xiaomi/1725404481"
          +2m16s092ms (2) 095 -sync=u0a81:"gmail-ls/com.google/rui.rrua@gmail.com"
          +2m16s094ms (2) 095 -job=u0a81:"gmail-ls/com.google/rui.rrua@gmail.com:android"
          +2m16s216ms (2) 095 -job=u0a81:"gmail-ls/com.google/armindoquilhoado@gmail.com:android"
          +2m16s227ms (2) 095 -sync=u0a81:"gmail-ls/com.google/armindoquilhoado@gmail.com"
          +2m16s390ms (2) 095 -job=u0a152:"com.android.calendar/com.google/armindoquilhoado@gmail.com:android"
          +2m16s411ms (2) 095 -sync=u0a152:"com.android.calendar/com.google/armindoquilhoado@gmail.com"
          +2m17s494ms (2) 095 stats=0:"remove-uid"
          +2m17s638ms (2) 095 -job=u0a92:"com.android.contacts/com.xiaomi/1725404481:android"
          +2m17s647ms (2) 095 -sync=u0a92:"com.android.contacts/com.xiaomi/1725404481"
          +2m17s690ms (2) 095 +job=u0a46:"com.google.android.gms.plus.action/com.google/rui.rrua@gmail.com:android"
          +2m17s693ms (2) 095 +job=u0a46:"subscribedfeeds/com.google/rui.rrua@gmail.com:android"
          +2m17s695ms (2) 095 +job=u0a46:"com.google.android.gms.people/com.google/armindoquilhoado@gmail.com:android"
          +2m17s698ms (2) 095 +job=u0a46:"com.android.contacts/com.google/rui.rrua@gmail.com:android"
          +2m17s729ms (2) 095 +sync=u0a46:"com.google.android.gms.plus.action/com.google/rui.rrua@gmail.com"
          +2m17s753ms (2) 095 +sync=u0a46:"subscribedfeeds/com.google/rui.rrua@gmail.com"
          +2m17s782ms (2) 095 +sync=u0a46:"com.google.android.gms.people/com.google/armindoquilhoado@gmail.com"
          +2m17s799ms (2) 095 +sync=u0a46:"com.android.contacts/com.google/rui.rrua@gmail.com"
          +2m17s892ms (2) 095 -job=u0a46:"com.google.android.gms.plus.action/com.google/rui.rrua@gmail.com:android"
          +2m17s897ms (2) 095 -sync=u0a46:"com.google.android.gms.plus.action/com.google/rui.rrua@gmail.com"
          +2m18s033ms (2) 095 stats=0:"remove-uid"
          +2m18s114ms (2) 095 -job=u0a277:"com.miui.browser.global/com.xiaomi/1725404481:android"
          +2m18s119ms (2) 095 -sync=u0a277:"com.miui.browser.global/com.xiaomi/1725404481"
          +2m18s610ms (2) 095 -job=u0a46:"com.google.android.gms.people/com.google/armindoquilhoado@gmail.com:android"
          +2m18s613ms (2) 095 -sync=u0a46:"com.google.android.gms.people/com.google/armindoquilhoado@gmail.com"
          +2m18s632ms (2) 095 +job=u0a46:"com.google.android.location.reporting/com.google/armindoquilhoado@gmail.com:android"
          +2m18s641ms (2) 095 +sync=u0a46:"com.google.android.location.reporting/com.google/armindoquilhoado@gmail.com"
          +2m18s700ms (2) 095 -job=u0a46:"subscribedfeeds/com.google/rui.rrua@gmail.com:android"
          +2m18s706ms (2) 095 -sync=u0a46:"subscribedfeeds/com.google/rui.rrua@gmail.com"
          +2m19s159ms (2) 095 -job=u0a46:"com.google.android.location.reporting/com.google/armindoquilhoado@gmail.com:android"
          +2m19s162ms (2) 095 -sync=u0a46:"com.google.android.location.reporting/com.google/armindoquilhoado@gmail.com"
          +2m22s292ms (2) 095 +job=u0a57:"com.google.android.googlequicksearchbox/com.google.android.apps.gsa.tasks.BackgroundTasksJobService"
          +2m22s396ms (2) 095 -job=u0a57:"com.google.android.googlequicksearchbox/com.google.android.apps.gsa.tasks.BackgroundTasksJobService"
          +2m26s683ms (2) 095 brightness=dark
          +2m29s254ms (2) 095 +job=u0a171:"com.facebook.orca/com.facebook.messaging.livelocation.bindings.MessengerLiveLocationBooterService"
          +2m29s267ms (2) 095 -job=u0a171:"com.facebook.orca/com.facebook.messaging.livelocation.bindings.MessengerLiveLocationBooterService"
          +2m29s309ms (2) 095 +job=u0a50:"com.android.vending/com.google.android.finsky.scheduler.process.mainimpl.PhoneskyJobServiceMain"
          +2m29s657ms (2) 095 -job=u0a50:"com.android.vending/com.google.android.finsky.scheduler.process.mainimpl.PhoneskyJobServiceMain"
          +2m31s272ms (2) 095 temp=270 charge=3186
          +2m43s744ms (2) 095 +job=u0a46:"com.google.android.gms.auth.confirm/com.google/rui.rrua@gmail.com:android"
          +2m43s760ms (2) 095 +sync=u0a46:"com.google.android.gms.auth.confirm/com.google/rui.rrua@gmail.com"
          +2m43s769ms (2) 095 -job=u0a46:"com.google.android.gms.auth.confirm/com.google/rui.rrua@gmail.com:android"
          +2m43s774ms (2) 095 -sync=u0a46:"com.google.android.gms.auth.confirm/com.google/rui.rrua@gmail.com"
          +2m46s477ms (1) 095 +wifi_scan
          +2m51s552ms (1) 095 charge=3190
          +2m52s090ms (3) 096 stats=0:"get-stats"
          +2m52s178ms (2) 096 -wifi_scan stats=0:"wakelock-change"
          +2m56s569ms (2) 096 charge=3191 +job=u0a152:"com.android.calendar/com.google/rui.rrua@gmail.com:android"
          +2m57s361ms (2) 096 +job=u0a92:"com.android.calendar/com.xiaomi/1725404481:android"
          +2m57s365ms (2) 096 +job=u0a111:"notes/com.xiaomi/1725404481:android"
          +2m57s375ms (2) 096 +sync=u0a152:"com.android.calendar/com.google/rui.rrua@gmail.com"
          +2m57s401ms (2) 096 +sync=u0a92:"com.android.calendar/com.xiaomi/1725404481"
          +2m57s414ms (2) 096 +sync=u0a111:"notes/com.xiaomi/1725404481"
          +2m58s887ms (2) 096 -job=u0a152:"com.android.calendar/com.google/rui.rrua@gmail.com:android"
          +2m58s953ms (2) 096 -sync=u0a152:"com.android.calendar/com.google/rui.rrua@gmail.com"
          +2m59s013ms (2) 096 +job=u0a152:"com.android.calendar/com.google/rui.rrua@gmail.com:android"
          +2m59s023ms (2) 096 +sync=u0a152:"com.android.calendar/com.google/rui.rrua@gmail.com"
          +2m59s618ms (2) 096 -job=u0a92:"com.android.calendar/com.xiaomi/1725404481:android"
          +2m59s628ms (2) 096 -sync=u0a92:"com.android.calendar/com.xiaomi/1725404481"
          +2m59s757ms (2) 096 -job=u0a152:"com.android.calendar/com.google/rui.rrua@gmail.com:android"
          +2m59s777ms (2) 096 -sync=u0a152:"com.android.calendar/com.google/rui.rrua@gmail.com"
          +3m01s226ms (2) 096 -job=u0a111:"notes/com.xiaomi/1725404481:android"
          +3m01s238ms (3) 096 phone_signal_strength=great -sync=u0a111:"notes/com.xiaomi/1725404481"
          +3m05s756ms (2) 096 phone_signal_strength=good
          +3m13s828ms (2) 096 phone_signal_strength=great
          +3m16s830ms (3) 096 phone_signal_strength=good +longwake=u0a46:"*job*/com.android.contacts/com.google/rui.rrua@gmail.com:android"
          +3m17s790ms (2) 096 +longwake=u0a46:"*sync*/com.android.contacts/com.google/rui.rrua@gmail.com"
          +3m26s645ms (2) 096 -job=u0a46:"com.android.contacts/com.google/rui.rrua@gmail.com:android"
          +3m26s645ms (2) 096 -longwake=u0a46:"*job*/com.android.contacts/com.google/rui.rrua@gmail.com:android"
          +3m26s658ms (2) 096 -sync=u0a46:"com.android.contacts/com.google/rui.rrua@gmail.com"
          +3m26s658ms (2) 096 -longwake=u0a46:"*sync*/com.android.contacts/com.google/rui.rrua@gmail.com"
          +3m31s281ms (1) 096 charge=3197
          +3m35s995ms (1) 096
          +3m38s406ms (2) 096 stats=0:"dump"

Total cpu time reads: 0
Batched cpu time reads: 0
Batching Duration (min): 471
All UID cpu time reads since the later of device start or stats reset: 104
UIDs removed since the later of device start or stats reset: 0
