Battery History (0% used, 15KB used of 4096KB, 119 strings using 9918):
                    0 (14) RESET:TIME: 2020-11-10-06-34-10
                    0 (1) 100 status=charging health=good plug=ac temp=318 volt=4396 charge=3033 modemRailChargemAh=0 wifiRailChargemAh=0 +running +wake_lock +screen +plugged phone_signal_strength=great brightness=bright +wifi +charging +usb_data wifi_signal_strength=3 wifi_suppl=disconn +ble_scan gps_signal_quality=good
                    0 (2) 100 proc=u0a156:"com.google.android.apps.turbo"
                    0 (2) 100 proc=u0a122:"com.google.android.apps.wellbeing"
                    0 (2) 100 proc=u0a142:"com.google.android.setupwizard"
                    0 (2) 100 proc=1000:"com.google.SSRestartDetector"
                    0 (2) 100 proc=u0a143:"com.google.process.gapps"
                    0 (2) 100 proc=u0a156:"com.google.android.apps.turbo:aab"
                    0 (2) 100 proc=1001:"com.android.phone"
                    0 (2) 100 proc=u0a133:"com.google.android.settings.intelligence"
                    0 (2) 100 proc=u0a189:"com.android.chrome:sandboxed_process0:org.chromium.content.app.SandboxedProcessService0:0"
                    0 (2) 100 proc=u0a199:"com.google.android.apps.maps:server_recovery_process"
                    0 (2) 100 proc=u0a72:"com.android.providers.calendar"
                    0 (2) 100 proc=u0a115:"com.google.android.as"
                    0 (2) 100 proc=u0a120:"com.google.android.grilservice"
                    0 (2) 100 proc=u0a64:"android.process.acore"
                    0 (2) 100 proc=u0a68:"android.process.media"
                    0 (2) 100 proc=u0a115:"com.google.android.as:nonpersistent"
                    0 (2) 100 proc=u0a189:"com.android.chrome"
                    0 (2) 100 proc=u0a141:"com.google.android.projection.gearhead:shared"
                    0 (2) 100 proc=u0a172:"com.google.android.apps.photos"
                    0 (2) 100 proc=u0a124:"com.google.android.googlequicksearchbox:interactor"
                    0 (2) 100 proc=u0a130:"com.google.android.apps.scone"
                    0 (2) 100 proc=1027:"com.android.nfc"
                    0 (2) 100 proc=1001:".dataservices"
                    0 (2) 100 proc=u0a143:"com.google.process.gservices"
                    0 (2) 100 proc=u0a87:"com.qualcomm.telephony"
                    0 (2) 100 proc=u0a114:"com.google.android.apps.safetyhub"
                    0 (2) 100 proc=u0a194:"com.google.android.apps.docs"
                    0 (2) 100 proc=u0a199:"com.google.android.apps.maps"
                    0 (2) 100 proc=u0a149:"com.google.android.ims"
                    0 (2) 100 proc=u0a211:"com.quicinc.trepn"
                    0 (2) 100 proc=u0a143:"com.google.android.gms"
                    0 (2) 100 proc=u0a80:"com.android.cellbroadcastreceiver"
                    0 (2) 100 proc=u0a124:"com.google.android.googlequicksearchbox"
                    0 (2) 100 proc=u0a157:"com.android.systemui"
                    0 (2) 100 proc=u0a143:"com.google.android.gms.persistent"
                    0 (2) 100 proc=1068:"com.android.se"
                    0 (2) 100 proc=u0a124:"com.google.android.googlequicksearchbox:search"
                    0 (2) 100 proc=1001:"com.android.ims.rcsservice"
                    0 (2) 100 proc=u0a71:"com.google.android.ext.services"
                    0 (2) 100 proc=1001:"com.qualcomm.qcrilmsgtunnel"
                    0 (2) 100 proc=u0a143:"com.google.android.gms.ui"
                    0 (2) 100 proc=1002:"com.android.bluetooth"
                    0 (2) 100 proc=1073:"com.google.android.networkstack"
                    0 (2) 100 proc=u0a189:"com.android.chrome:privileged_process0"
                    0 (2) 100 proc=u0a152:"com.google.android.apps.nexuslauncher"
                    0 (2) 100 proc=u0a92:"com.android.traceur"
                    0 (2) 100 proc=u0a200:"com.google.android.inputmethod.latin"
                    0 (2) 100 proc=u0a168:"com.qualcomm.qti.services.secureui:sui_service"
                    0 (2) 100 proc=1001:"com.qualcomm.qti.telephonyservice"
                    0 (2) 100 proc=u0a173:"com.google.android.calendar"
                    0 (2) 100 fg=u0a211:"com.quicinc.trepn"
                    0 (2) 100 top=u0a152:"com.google.android.apps.nexuslauncher"
                    0 (2) 100 wake_lock_in=-1:"screen"
                    0 (2) 100 user=0:"0"
                    0 (2) 100 userfg=0:"0"
                    0 (2) 100 tmpwhitelist=u0a143:"broadcast:u0a143:com.google.android.intent.action.GCM_RECONNECT"
                 +6ms (2) 100 stats=0:"wakelock-change"
                +32ms (2) 100 +wake_lock_in=1001:"*telephony-radio*"
                +33ms (2) 100 -wake_lock_in=1001:"*telephony-radio*"
                +33ms (2) 100 +wake_lock_in=1000:"*telephony-radio*"
                +41ms (2) 100 -wake_lock_in=1000:"*telephony-radio*"
                +41ms (2) 100 +wake_lock_in=1001:"*telephony-radio*"
                +41ms (2) 100 stats=0:"dump"
                +52ms (2) 100 -wake_lock_in=1001:"*telephony-radio*"
             +1s283ms (2) 100 +wake_lock_in=1001:"*telephony-radio*"
             +1s283ms (2) 100 -wake_lock_in=1001:"*telephony-radio*"
             +1s283ms (2) 100 +wake_lock_in=1000:"*telephony-radio*"
             +1s290ms (2) 100 -wake_lock_in=1000:"*telephony-radio*"
             +1s291ms (2) 100 +wake_lock_in=1001:"*telephony-radio*"
             +1s291ms (2) 100 stats=0:"dump"
             +1s312ms (2) 100 -wake_lock_in=1001:"*telephony-radio*"
             +4s055ms (2) 100 -tmpwhitelist=u0a143:"broadcast:u0a143:com.google.android.intent.action.GCM_RECONNECT"
            +19s350ms (3) 100 +audio +wake_lock_in=1041:"AudioMix"
            +19s351ms (2) 100 -wake_lock_in=1041:"AudioMix"
            +19s351ms (2) 100 +wake_lock_in=1000:"AudioMix"
            +19s604ms (2) 100 -wake_lock_in=1000:"AudioMix"
            +19s604ms (3) 100 -audio +wake_lock_in=1041:"AudioMix"
            +21s076ms (3) 100 +audio -wake_lock_in=1041:"AudioMix"
            +21s077ms (2) 100 +wake_lock_in=1000:"AudioMix"
            +21s201ms (2) 100 -wake_lock_in=1000:"AudioMix"
            +21s202ms (3) 100 -audio +wake_lock_in=1041:"AudioMix"
            +24s247ms (2) 100 -wake_lock_in=1041:"AudioMix"
            +43s168ms (3) 100 +audio +wake_lock_in=1041:"AudioMix"
            +43s169ms (2) 100 -wake_lock_in=1041:"AudioMix"
            +43s170ms (2) 100 +wake_lock_in=1000:"AudioMix"
            +43s416ms (2) 100 -wake_lock_in=1000:"AudioMix"
            +43s417ms (3) 100 -audio +wake_lock_in=1041:"AudioMix"
            +46s462ms (2) 100 -wake_lock_in=1041:"AudioMix"
            +47s900ms (3) 100 +audio +wake_lock_in=1041:"AudioMix"
            +47s901ms (2) 100 -wake_lock_in=1041:"AudioMix"
            +47s901ms (2) 100 +wake_lock_in=1000:"AudioMix"
            +48s147ms (2) 100 -wake_lock_in=1000:"AudioMix"
            +48s148ms (3) 100 -audio +wake_lock_in=1041:"AudioMix"
            +48s600ms (3) 100 +audio -wake_lock_in=1041:"AudioMix"
            +48s601ms (2) 100 +wake_lock_in=1000:"AudioMix"
            +48s724ms (2) 100 -wake_lock_in=1000:"AudioMix"
            +48s725ms (3) 100 -audio +wake_lock_in=1041:"AudioMix"
            +49s320ms (3) 100 +audio -wake_lock_in=1041:"AudioMix"
            +49s321ms (2) 100 +wake_lock_in=1000:"AudioMix"
            +49s444ms (2) 100 -wake_lock_in=1000:"AudioMix"
            +49s445ms (3) 100 -audio +wake_lock_in=1041:"AudioMix"
            +49s835ms (2) 100 +alarm=1000:"*alarm*:TIME_TICK"
            +49s837ms (2) 100 +wake_lock_in=1000:"*alarm*:TIME_TICK"
            +49s838ms (2) 100 -alarm=1000:"*alarm*:TIME_TICK"
            +49s838ms (2) 100 -wake_lock_in=1000:"*alarm*:TIME_TICK"
            +51s210ms (3) 100 +audio -wake_lock_in=1041:"AudioMix"
            +51s210ms (2) 100 +wake_lock_in=1000:"AudioMix"
            +51s344ms (2) 100 -wake_lock_in=1000:"AudioMix"
            +51s345ms (3) 100 -audio +wake_lock_in=1041:"AudioMix"
            +54s393ms (3) 100 +audio -wake_lock_in=1041:"AudioMix"
            +54s914ms (2) 100 +wake_lock_in=1041:"AudioMix"
            +54s914ms (2) 100 -wake_lock_in=1041:"AudioMix"
            +54s915ms (2) 100 +wake_lock_in=1000:"AudioMix"
            +54s929ms (2) 100 +wake_lock_in=1000:"*launch*"
            +54s939ms (2) 100 -top=u0a152:"com.google.android.apps.nexuslauncher"
            +54s955ms (2) 100 +proc=1000:"com.android.settings"
            +54s982ms (2) 100 +top=1000:"com.android.settings"
            +55s130ms (2) 100 +wake_lock_in=1001:"*telephony-radio*"
            +55s130ms (2) 100 -wake_lock_in=1001:"*telephony-radio*"
            +55s131ms (2) 100 +wake_lock_in=1000:"*telephony-radio*"
            +55s135ms (2) 100 -wake_lock_in=1000:"*telephony-radio*"
            +55s135ms (2) 100 +wake_lock_in=1001:"*telephony-radio*"
            +55s135ms (2) 100 stats=0:"get-stats"
            +55s149ms (3) 100 -audio -wake_lock_in=1001:"*telephony-radio*"
            +55s163ms (2) 100 -wake_lock_in=1000:"AudioMix"
            +55s164ms (2) 100 +wake_lock_in=1041:"AudioMix"
            +55s164ms (2) 100 +wake_lock_in=1001:"*telephony-radio*"
            +55s165ms (2) 100 -wake_lock_in=1001:"*telephony-radio*"
            +55s165ms (2) 100 +wake_lock_in=1000:"*telephony-radio*"
            +55s170ms (2) 100 -wake_lock_in=1000:"*telephony-radio*"
            +55s170ms (2) 100 +wake_lock_in=1001:"*telephony-radio*"
            +55s170ms (2) 100 stats=0:"get-stats"
            +55s178ms (2) 100 +proc=u0a123:"com.android.vending"
            +55s178ms (2) 100 -wake_lock_in=1001:"*telephony-radio*"
            +55s448ms (2) 100 +proc=u0a146:"com.google.android.apps.tips"
            +55s511ms (2) 100 pkgactive=u0a146:"com.google.android.apps.tips"
            +55s525ms (2) 100 +wake_lock_in=1001:"*telephony-radio*"
            +55s526ms (2) 100 -wake_lock_in=1001:"*telephony-radio*"
            +55s526ms (2) 100 +wake_lock_in=1000:"*telephony-radio*"
            +55s533ms (2) 100 -wake_lock_in=1000:"*telephony-radio*"
            +55s533ms (2) 100 +wake_lock_in=1001:"*telephony-radio*"
            +55s533ms (2) 100 stats=0:"get-stats"
            +55s543ms (2) 100 -wake_lock_in=1001:"*telephony-radio*"
            +55s594ms (2) 100 +proc=u0a82:"com.google.android.permissioncontroller"
            +55s627ms (2) 100 pkgactive=u0a82:"com.google.android.permissioncontroller"
            +55s634ms (3) 100 temp=328 charge=3037 +wake_lock_in=1001:"*telephony-radio*"
            +55s764ms (2) 100 -wake_lock_in=1001:"*telephony-radio*"
            +55s764ms (2) 100 +wake_lock_in=1000:"*telephony-radio*"
            +55s769ms (2) 100 -wake_lock_in=1000:"*telephony-radio*"
            +55s769ms (2) 100 +wake_lock_in=1001:"*telephony-radio*"
            +55s769ms (2) 100 stats=0:"get-stats"
            +55s776ms (2) 100 -wake_lock_in=1001:"*telephony-radio*"
            +55s794ms (2) 100 +wake_lock_in=1001:"*telephony-radio*"
            +55s795ms (2) 100 -wake_lock_in=1001:"*telephony-radio*"
            +55s795ms (2) 100 +wake_lock_in=1000:"*telephony-radio*"
            +55s800ms (2) 100 -wake_lock_in=1000:"*telephony-radio*"
            +55s801ms (2) 100 +wake_lock_in=1001:"*telephony-radio*"
            +55s801ms (2) 100 stats=0:"get-stats"
            +55s809ms (2) 100 -wake_lock_in=1001:"*telephony-radio*"
            +56s068ms (2) 100 +proc=u0a123:"com.android.vending:download_service"
            +56s431ms (2) 100 -wake_lock_in=1000:"*launch*"
            +58s208ms (2) 100 -wake_lock_in=1041:"AudioMix"
          +1m03s104ms (3) 100 +audio +wake_lock_in=1041:"AudioMix"
          +1m03s105ms (2) 100 +wake_lock_in=1000:"*launch*"
          +1m03s105ms (2) 100 -wake_lock_in=1041:"AudioMix"
          +1m03s105ms (2) 100 +wake_lock_in=1000:"AudioMix"
          +1m03s349ms (3) 100 -audio -wake_lock_in=1000:"AudioMix"
          +1m03s351ms (2) 100 +wake_lock_in=1041:"AudioMix"
          +1m03s608ms (2) 100 -wake_lock_in=1000:"*launch*"
          +1m06s261ms (3) 100 +audio -wake_lock_in=1041:"AudioMix"
          +1m06s262ms (2) 100 +wake_lock_in=1000:"AudioMix"
          +1m06s272ms (2) 100 +wake_lock_in=1000:"*launch*"
          +1m06s360ms (2) 100 +wake_lock_in=1001:"*telephony-radio*"
          +1m06s360ms (2) 100 -wake_lock_in=1001:"*telephony-radio*"
          +1m06s361ms (2) 100 +wake_lock_in=1000:"*telephony-radio*"
          +1m06s365ms (2) 100 -wake_lock_in=1000:"*telephony-radio*"
          +1m06s365ms (2) 100 +wake_lock_in=1001:"*telephony-radio*"
          +1m06s365ms (2) 100 stats=0:"get-stats"
          +1m06s380ms (3) 100 -audio -wake_lock_in=1001:"*telephony-radio*"
          +1m06s389ms (2) 100 -wake_lock_in=1000:"AudioMix"
          +1m06s389ms (2) 100 +wake_lock_in=1041:"AudioMix"
          +1m06s433ms (2) 100 +wake_lock_in=1001:"*telephony-radio*"
          +1m06s434ms (2) 100 -wake_lock_in=1001:"*telephony-radio*"
          +1m06s434ms (2) 100 +wake_lock_in=1000:"*telephony-radio*"
          +1m06s438ms (2) 100 stats=0:"get-stats"
          +1m06s443ms (2) 100 -wake_lock_in=1000:"*telephony-radio*"
          +1m06s443ms (2) 100 +wake_lock_in=1001:"*telephony-radio*"
          +1m06s447ms (2) 100 -wake_lock_in=1001:"*telephony-radio*"
          +1m06s514ms (2) 100 +wake_lock_in=1001:"*telephony-radio*"
          +1m06s515ms (2) 100 -wake_lock_in=1001:"*telephony-radio*"
          +1m06s515ms (2) 100 +wake_lock_in=1000:"*telephony-radio*"
          +1m06s520ms (2) 100 -wake_lock_in=1000:"*telephony-radio*"
          +1m06s520ms (2) 100 +wake_lock_in=1001:"*telephony-radio*"
          +1m06s521ms (2) 100 stats=0:"get-stats"
          +1m06s532ms (2) 100 -wake_lock_in=1001:"*telephony-radio*"
          +1m06s748ms (2) 100 -wake_lock_in=1000:"*launch*"
          +1m09s432ms (2) 100 -wake_lock_in=1041:"AudioMix"
          +1m14s206ms (3) 100 +audio +wake_lock_in=1041:"AudioMix"
          +1m14s207ms (2) 100 -wake_lock_in=1041:"AudioMix"
          +1m14s207ms (2) 100 +wake_lock_in=1000:"AudioMix"
          +1m14s219ms (2) 100 +wake_lock_in=1000:"*launch*"
          +1m14s227ms (2) 100 +wake_lock_in=u0a152:"*launch*"
          +1m14s227ms (2) 100 -wake_lock_in=1000:"*launch*"
          +1m14s236ms (2) 100 -top=1000:"com.android.settings"
          +1m14s236ms (2) 100 +top=u0a152:"com.google.android.apps.nexuslauncher"
          +1m14s287ms (2) 100 -wake_lock_in=u0a152:"*launch*"
          +1m14s318ms (2) 100 +job=u0a124:"com.google.android.googlequicksearchbox/com.google.android.apps.gsa.tasks.BackgroundTasksJobService"
          +1m14s321ms (2) 100 +wake_lock_in=u0a124:"*job*/com.google.android.googlequicksearchbox/com.google.android.apps.gsa.tasks.BackgroundTasksJobService"
          +1m14s332ms (2) 100 -job=u0a124:"com.google.android.googlequicksearchbox/com.google.android.apps.gsa.tasks.BackgroundTasksJobService"
          +1m14s332ms (2) 100 -wake_lock_in=u0a124:"*job*/com.google.android.googlequicksearchbox/com.google.android.apps.gsa.tasks.BackgroundTasksJobService"
          +1m14s456ms (2) 100 -wake_lock_in=1000:"AudioMix"
          +1m14s456ms (3) 100 -audio +wake_lock_in=1041:"AudioMix"
          +1m17s500ms (3) 100 +audio -wake_lock_in=1041:"AudioMix"
          +1m18s208ms (2) 100 +wake_lock_in=1041:"AudioMix"
          +1m18s209ms (2) 100 -wake_lock_in=1041:"AudioMix"
          +1m18s209ms (2) 100 +wake_lock_in=1000:"AudioMix"
          +1m18s215ms (2) 100 +wake_lock_in=1000:"*launch*"
          +1m18s227ms (2) 100 -top=u0a152:"com.google.android.apps.nexuslauncher"
          +1m18s227ms (2) 100 +top=1000:"com.android.settings"
          +1m18s283ms (2) 100 +wake_lock_in=1001:"*telephony-radio*"
          +1m18s284ms (2) 100 -wake_lock_in=1001:"*telephony-radio*"
          +1m18s284ms (2) 100 +wake_lock_in=1000:"*telephony-radio*"
          +1m18s290ms (2) 100 -wake_lock_in=1000:"*telephony-radio*"
          +1m18s290ms (2) 100 +wake_lock_in=1001:"*telephony-radio*"
          +1m18s293ms (2) 100 -wake_lock_in=1001:"*telephony-radio*"
          +1m18s295ms (2) 100 stats=0:"get-stats"
          +1m18s329ms (2) 100 +wake_lock_in=1001:"*telephony-radio*"
          +1m18s330ms (2) 100 -wake_lock_in=1001:"*telephony-radio*"
          +1m18s330ms (2) 100 +wake_lock_in=1000:"*telephony-radio*"
          +1m18s334ms (2) 100 stats=0:"get-stats"
          +1m18s343ms (2) 100 -wake_lock_in=1000:"*telephony-radio*"
          +1m18s347ms (2) 100 +wake_lock_in=1001:"*telephony-radio*"
          +1m18s348ms (3) 100 -audio -wake_lock_in=1001:"*telephony-radio*"
          +1m18s449ms (2) 100 -wake_lock_in=1000:"AudioMix"
          +1m18s449ms (2) 100 +wake_lock_in=1041:"AudioMix"
          +1m18s473ms (2) 100 +wake_lock_in=1001:"*telephony-radio*"
          +1m18s473ms (2) 100 -wake_lock_in=1001:"*telephony-radio*"
          +1m18s473ms (2) 100 +wake_lock_in=1000:"*telephony-radio*"
          +1m18s477ms (2) 100 -wake_lock_in=1000:"*telephony-radio*"
          +1m18s478ms (2) 100 +wake_lock_in=1001:"*telephony-radio*"
          +1m18s478ms (2) 100 stats=0:"get-stats"
          +1m18s484ms (2) 100 -wake_lock_in=1001:"*telephony-radio*"
          +1m18s565ms (2) 100 +wake_lock_in=1001:"*telephony-radio*"
          +1m18s566ms (2) 100 -wake_lock_in=1001:"*telephony-radio*"
          +1m18s566ms (2) 100 +wake_lock_in=1000:"*telephony-radio*"
          +1m18s571ms (2) 100 stats=0:"get-stats"
          +1m18s584ms (2) 100 -wake_lock_in=1000:"*telephony-radio*"
          +1m18s589ms (2) 100 +wake_lock_in=1001:"*telephony-radio*"
          +1m18s590ms (2) 100 -wake_lock_in=1001:"*telephony-radio*"
          +1m19s111ms (2) 100 -wake_lock_in=1000:"*launch*"
          +1m21s482ms (2) 100 -wake_lock_in=1041:"AudioMix"
          +1m22s843ms (3) 100 +audio +wake_lock_in=1041:"AudioMix"
          +1m22s844ms (2) 100 -wake_lock_in=1041:"AudioMix"
          +1m22s844ms (2) 100 +wake_lock_in=1000:"AudioMix"
          +1m22s857ms (2) 100 +wake_lock_in=1000:"*launch*"
          +1m22s868ms (2) 100 +wake_lock_in=u0a152:"*launch*"
          +1m22s868ms (2) 100 -wake_lock_in=1000:"*launch*"
          +1m22s875ms (2) 100 -top=1000:"com.android.settings"
          +1m22s875ms (2) 100 +top=u0a152:"com.google.android.apps.nexuslauncher"
          +1m22s921ms (2) 100 -wake_lock_in=u0a152:"*launch*"
          +1m22s953ms (2) 100 +job=u0a124:"com.google.android.googlequicksearchbox/com.google.android.apps.gsa.tasks.BackgroundTasksJobService"
          +1m22s957ms (2) 100 +wake_lock_in=u0a124:"*job*/com.google.android.googlequicksearchbox/com.google.android.apps.gsa.tasks.BackgroundTasksJobService"
          +1m22s967ms (2) 100 -job=u0a124:"com.google.android.googlequicksearchbox/com.google.android.apps.gsa.tasks.BackgroundTasksJobService"
          +1m22s967ms (2) 100 -wake_lock_in=u0a124:"*job*/com.google.android.googlequicksearchbox/com.google.android.apps.gsa.tasks.BackgroundTasksJobService"
          +1m23s080ms (2) 100 -wake_lock_in=1000:"AudioMix"
          +1m23s080ms (3) 100 charge=3039 -audio +wake_lock_in=1041:"AudioMix"
          +1m23s217ms (2) 100 +wake_lock_in=1001:"*telephony-radio*"
          +1m23s218ms (2) 100 -wake_lock_in=1001:"*telephony-radio*"
          +1m23s218ms (2) 100 +wake_lock_in=1000:"*telephony-radio*"
          +1m23s223ms (2) 100 -wake_lock_in=1000:"*telephony-radio*"
          +1m23s223ms (2) 100 +wake_lock_in=1001:"*telephony-radio*"
          +1m23s224ms (2) 100 stats=0:"get-stats"
          +1m23s244ms (2) 100 -wake_lock_in=1001:"*telephony-radio*"
          +1m25s629ms (2) 100 +alarm=u0a123:"*walarm*:*job.delay*"
          +1m25s630ms (2) 100 +wake_lock_in=u0a123:"*walarm*:*job.delay*"
          +1m25s634ms (2) 100 -alarm=u0a123:"*walarm*:*job.delay*"
          +1m25s634ms (2) 100 -wake_lock_in=u0a123:"*walarm*:*job.delay*"
          +1m25s649ms (2) 100 +job=u0a123:"com.android.vending/com.google.android.finsky.scheduler.process.mainimpl.PhoneskyJobServiceMain"
          +1m25s654ms (2) 100 +wake_lock_in=u0a123:"*job*/com.android.vending/com.google.android.finsky.scheduler.process.mainimpl.PhoneskyJobServiceMain"
          +1m25s737ms (2) 100 -job=u0a123:"com.android.vending/com.google.android.finsky.scheduler.process.mainimpl.PhoneskyJobServiceMain"
          +1m25s737ms (2) 100 -wake_lock_in=u0a123:"*job*/com.android.vending/com.google.android.finsky.scheduler.process.mainimpl.PhoneskyJobServiceMain"
          +1m26s208ms (2) 100 -wake_lock_in=1041:"AudioMix"
          +1m28s768ms (3) 100 +audio +wake_lock_in=1041:"AudioMix"
          +1m28s769ms (2) 100 -wake_lock_in=1041:"AudioMix"
          +1m28s769ms (2) 100 +wake_lock_in=1000:"AudioMix"
          +1m28s780ms (2) 100 +wake_lock_in=u0a206:"*launch*"
          +1m28s793ms (2) 100 -top=u0a152:"com.google.android.apps.nexuslauncher"
          +1m28s810ms (2) 100 +proc=u0a206:"uminho.di.greenlab.n2apptest"
          +1m28s889ms (2) 100 +top=u0a206:"uminho.di.greenlab.n2apptest"
          +1m28s898ms (3) 100 -audio pkgactive=u0a206:"uminho.di.greenlab.n2apptest"
          +1m29s011ms (2) 100 -wake_lock_in=1000:"AudioMix"
          +1m29s011ms (2) 100 +wake_lock_in=1041:"AudioMix"
          +1m29s460ms (2) 100 -wake_lock_in=u0a206:"*launch*"
          +1m32s065ms (2) 100 -wake_lock_in=1041:"AudioMix"
          +1m32s320ms (2) 100 +wake_lock_in=1001:"*telephony-radio*"
          +1m32s321ms (2) 100 -wake_lock_in=1001:"*telephony-radio*"
          +1m32s321ms (2) 100 +wake_lock_in=1000:"*telephony-radio*"
          +1m32s332ms (2) 100 -wake_lock_in=1000:"*telephony-radio*"
          +1m32s333ms (2) 100 +wake_lock_in=1001:"*telephony-radio*"
          +1m32s333ms (2) 100 stats=0:"dump"
          +1m32s367ms (2) 100 -wake_lock_in=1001:"*telephony-radio*"
          +1m37s336ms (2) 100 +alarm=1000:"*alarm*:StatsCompanionService.pull"
          +1m37s339ms (2) 100 +wake_lock_in=1000:"*alarm*:StatsCompanionService.pull"
          +1m37s356ms (2) 100 -alarm=1000:"*alarm*:StatsCompanionService.pull"
          +1m37s356ms (2) 100 -wake_lock_in=1000:"*alarm*:StatsCompanionService.pull"
          +1m41s116ms (2) 100 +wake_lock_in=u0a152:"*launch*"
          +1m41s125ms (2) 100 -top=u0a206:"uminho.di.greenlab.n2apptest"
          +1m41s125ms (2) 100 +top=u0a152:"com.google.android.apps.nexuslauncher"
          +1m41s147ms (2) 100 -wake_lock_in=u0a152:"*launch*"
          +1m41s227ms (2) 100 +job=u0a124:"com.google.android.googlequicksearchbox/com.google.android.apps.gsa.tasks.BackgroundTasksJobService"
          +1m41s235ms (2) 100 +wake_lock_in=u0a124:"*job*/com.google.android.googlequicksearchbox/com.google.android.apps.gsa.tasks.BackgroundTasksJobService"
          +1m41s251ms (2) 100 -job=u0a124:"com.google.android.googlequicksearchbox/com.google.android.apps.gsa.tasks.BackgroundTasksJobService"
          +1m41s251ms (2) 100 -wake_lock_in=u0a124:"*job*/com.google.android.googlequicksearchbox/com.google.android.apps.gsa.tasks.BackgroundTasksJobService"
          +1m42s685ms (2) 100 -proc=u0a206:"uminho.di.greenlab.n2apptest"
          +1m43s094ms (2) 100 -proc=1000:"com.android.settings"
          +1m44s465ms (2) 100 +wake_lock_in=1001:"*telephony-radio*"
          +1m44s466ms (2) 100 -wake_lock_in=1001:"*telephony-radio*"
          +1m44s466ms (2) 100 +wake_lock_in=1000:"*telephony-radio*"
          +1m44s473ms (2) 100 -wake_lock_in=1000:"*telephony-radio*"
          +1m44s474ms (2) 100 +wake_lock_in=1001:"*telephony-radio*"
          +1m44s474ms (2) 100 stats=0:"dump"
          +1m44s497ms (2) 100 -wake_lock_in=1001:"*telephony-radio*"
          +1m48s523ms (2) 100 +alarm=u0a142:"*walarm*:*job.delay*"
          +1m48s526ms (2) 100 +wake_lock_in=u0a142:"*walarm*:*job.delay*"
          +1m48s527ms (2) 100 +alarm=u0a143:"*walarm*:com.google.android.gms.gcm.ACTION_CHECK_QUEUE"
          +1m48s539ms (2) 100 -alarm=u0a142:"*walarm*:*job.delay*"
          +1m48s540ms (2) 100 +wake_lock_in=u0a143:"*alarm*"
          +1m48s540ms (2) 100 -wake_lock_in=u0a142:"*walarm*:*job.delay*"
          +1m48s547ms (2) 100 +wake_lock_in=u0a143:"*gms_scheduler*:internal"
          +1m48s552ms (2) 100 +job=u0a142:"com.google.android.setupwizard/.deferred.DeferredSetupScheduler"
          +1m48s556ms (2) 100 -alarm=u0a143:"*walarm*:com.google.android.gms.gcm.ACTION_CHECK_QUEUE"
          +1m48s556ms (2) 100 -wake_lock_in=u0a143:"*alarm*"
          +1m48s559ms (2) 100 +wake_lock_in=u0a142:"*job*/com.google.android.setupwizard/.deferred.DeferredSetupScheduler"
          +1m48s564ms (2) 100 -wake_lock_in=u0a143:"*gms_scheduler*:internal"
          +1m48s657ms (2) 100 +job=u0a142:"com.google.android.setupwizard/.deferred.DeferredSetupNotificationSchedulerService"
          +1m48s657ms (2) 100 -job=u0a142:"com.google.android.setupwizard/.deferred.DeferredSetupScheduler"
          +1m48s658ms (2) 100 -wake_lock_in=u0a142:"*job*/com.google.android.setupwizard/.deferred.DeferredSetupScheduler"
          +1m48s677ms (2) 100 +wake_lock_in=u0a142:"*job*/com.google.android.setupwizard/.deferred.DeferredSetupNotificationSchedulerService"
          +1m48s738ms (2) 100 -job=u0a142:"com.google.android.setupwizard/.deferred.DeferredSetupNotificationSchedulerService"
          +1m48s738ms (2) 100 -wake_lock_in=u0a142:"*job*/com.google.android.setupwizard/.deferred.DeferredSetupNotificationSchedulerService"
          +1m49s835ms (2) 100 +alarm=1000:"*alarm*:TIME_TICK"
          +1m49s836ms (2) 100 +wake_lock_in=1000:"*alarm*:TIME_TICK"
          +1m49s837ms (2) 100 -alarm=1000:"*alarm*:TIME_TICK"
          +1m49s837ms (2) 100 -wake_lock_in=1000:"*alarm*:TIME_TICK"
          +1m50s457ms (2) 100 +wake_lock_in=1000:"PhoneWindowManager.mPowerKeyWakeLock"
          +1m50s612ms (2) 100 -wake_lock_in=1000:"PhoneWindowManager.mPowerKeyWakeLock"
          +1m50s642ms (3) 100 +audio +wake_lock_in=1041:"AudioMix"
          +1m50s643ms (2) 100 -wake_lock_in=1041:"AudioMix"
          +1m50s644ms (3) 100 -audio +wake_lock_in=u0a157:"AudioMix"
          +1m50s916ms (2) 100 -wake_lock_in=u0a157:"AudioMix"
          +1m50s916ms (3) 100 -screen +wake_lock_in=1041:"AudioMix"
          +1m51s098ms (2) 100 -wake_lock_in=-1:"screen"
          +1m51s099ms (2) 100 stats=0:"screen-state"
          +1m51s114ms (3) 100 brightness=dark +wake_lock_in=1000:"ActivityManager-Sleep"
          +1m51s131ms (2) 100 -wake_lock_in=1000:"ActivityManager-Sleep"
          +1m51s310ms (2) 100 +wake_lock_in=1000:"startDream"
          +1m51s334ms (2) 100 +wake_lock_in=u0a157:"Doze"
          +1m51s587ms (2) 100 +wake_lock_in=u0a157:"Scrims"
          +1m51s618ms (2) 100 +alarm=u0a143:"*walarm*:com.google.android.gms.gcm.ACTION_CHECK_QUEUE"
          +1m51s619ms (2) 100 +wake_lock_in=u0a143:"*walarm*:com.google.android.gms.gcm.ACTION_CHECK_QUEUE"
          +1m51s625ms (2) 100 +wake_lock_in=u0a143:"*gms_scheduler*:internal"
          +1m51s633ms (2) 100 -alarm=u0a143:"*walarm*:com.google.android.gms.gcm.ACTION_CHECK_QUEUE"
          +1m51s633ms (2) 100 -wake_lock_in=u0a143:"*walarm*:com.google.android.gms.gcm.ACTION_CHECK_QUEUE"
          +1m51s641ms (2) 100 +wake_lock_in=u0a157:"show keyguard"
          +1m51s645ms (2) 100 -wake_lock_in=1000:"startDream"
          +1m52s195ms (2) 100 -wake_lock_in=u0a143:"*gms_scheduler*:internal"
          +1m52s280ms (2) 100 -wake_lock_in=u0a157:"show keyguard"
          +1m52s304ms (3) 100 +screen screenwake=u0a157:"com.android.systemui:NODOZE"
          +1m52s305ms (2) 100 +wake_lock_in=-1:"screen"
          +1m52s305ms (3) 100 brightness=bright stats=0:"screen-state"
          +1m52s380ms (2) 100 +wake_lock_in=1027:"NfcService:mRoutingWakeLock"
          +1m52s381ms (2) 100 -wake_lock_in=1027:"NfcService:mRoutingWakeLock"
          +1m52s385ms (2) 100 +wake_lock_in=u0a143:"Wakeful StateMachine: GeofencerStateMachine"
          +1m52s386ms (2) 100 -wake_lock_in=u0a143:"Wakeful StateMachine: GeofencerStateMachine"
          +1m52s392ms (2) 100 +wake_lock_in=u0a143:"NlpWakeLock"
          +1m52s399ms (2) 100 -ble_scan -wake_lock_in=u0a143:"NlpWakeLock"
          +1m52s408ms (2) 100 +wake_lock_in=1002:"bluetooth_timer"
          +1m52s409ms (2) 100 +wake_lock_in=u0a143:"CMWakeLock"
          +1m52s409ms (2) 100 -wake_lock_in=1002:"bluetooth_timer"
          +1m52s410ms (2) 100 +wake_lock_in=1002:"bluetooth_timer"
          +1m52s410ms (2) 100 -wake_lock_in=1002:"bluetooth_timer"
          +1m52s412ms (2) 100 +wake_lock_in=1002:"bluetooth_timer"
          +1m52s413ms (2) 100 -wake_lock_in=1002:"bluetooth_timer"
          +1m52s426ms (2) 100 +job=u0a130:"com.google.android.apps.scone/.awareness.AwarenessJobIntentService"
          +1m52s428ms (2) 100 +wake_lock_in=u0a130:"*job*/com.google.android.apps.scone/.awareness.AwarenessJobIntentService"
          +1m52s435ms (2) 100 +job=u0a130:"com.google.android.apps.scone/.awareness.RelayerJobIntentService"
          +1m52s436ms (2) 100 -job=u0a130:"com.google.android.apps.scone/.awareness.AwarenessJobIntentService"
          +1m52s437ms (2) 100 -wake_lock_in=u0a130:"*job*/com.google.android.apps.scone/.awareness.AwarenessJobIntentService"
          +1m52s438ms (2) 100 +wake_lock_in=u0a130:"*job*/com.google.android.apps.scone/.awareness.RelayerJobIntentService"
          +1m52s441ms (2) 100 -wake_lock_in=u0a143:"CMWakeLock"
          +1m52s451ms (2) 100 +job=u0a130:"com.google.android.apps.scone/.log.LogJobIntentService"
          +1m52s453ms (2) 100 +wake_lock_in=u0a130:"*job*/com.google.android.apps.scone/.log.LogJobIntentService"
          +1m52s455ms (2) 100 -job=u0a130:"com.google.android.apps.scone/.awareness.RelayerJobIntentService"
          +1m52s455ms (2) 100 -wake_lock_in=u0a130:"*job*/com.google.android.apps.scone/.awareness.RelayerJobIntentService"
          +1m52s469ms (2) 100 -job=u0a130:"com.google.android.apps.scone/.log.LogJobIntentService"
          +1m52s470ms (2) 100 -wake_lock_in=u0a130:"*job*/com.google.android.apps.scone/.log.LogJobIntentService"
          +1m52s501ms (2) 100 -wake_lock_in=u0a157:"Doze"
          +1m52s533ms (2) 100 +wake_lock_in=u0a157:"Doze"
          +1m52s583ms (2) 100 +wake_lock_in=1027:"NfcService:mRoutingWakeLock"
          +1m52s584ms (2) 100 -wake_lock_in=1027:"NfcService:mRoutingWakeLock"
          +1m52s585ms (2) 100 +wake_lock_in=u0a143:"Wakeful StateMachine: GeofencerStateMachine"
          +1m52s589ms (2) 100 -wake_lock_in=u0a143:"Wakeful StateMachine: GeofencerStateMachine"
          +1m52s598ms (2) 100 +wake_lock_in=u0a143:"NlpWakeLock"
          +1m52s603ms (2) 100 +ble_scan -wake_lock_in=u0a143:"NlpWakeLock"
          +1m52s611ms (2) 100 +wake_lock_in=u0a143:"CMWakeLock"
          +1m52s616ms (2) 100 +wake_lock_in=1002:"bluetooth_timer"
          +1m52s618ms (2) 100 -wake_lock_in=1002:"bluetooth_timer"
          +1m52s621ms (2) 100 +wake_lock_in=1002:"bluetooth_timer"
          +1m52s621ms (2) 100 -wake_lock_in=1002:"bluetooth_timer"
          +1m52s622ms (2) 100 +wake_lock_in=1002:"bluetooth_timer"
          +1m52s623ms (2) 100 -wake_lock_in=1002:"bluetooth_timer"
          +1m52s625ms (2) 100 +wake_lock_in=1002:"bluetooth_timer"
          +1m52s628ms (2) 100 -wake_lock_in=1002:"bluetooth_timer"
          +1m52s629ms (2) 100 +wake_lock_in=1002:"bluetooth_timer"
          +1m52s630ms (2) 100 -wake_lock_in=1002:"bluetooth_timer"
          +1m52s631ms (2) 100 -wake_lock_in=u0a157:"Scrims"
          +1m52s631ms (2) 100 +wake_lock_in=1002:"bluetooth_timer"
          +1m52s632ms (2) 100 -wake_lock_in=1002:"bluetooth_timer"
          +1m52s633ms (2) 100 +wake_lock_in=1002:"bluetooth_timer"
          +1m52s633ms (2) 100 -wake_lock_in=1002:"bluetooth_timer"
          +1m52s634ms (2) 100 +wake_lock_in=1002:"bluetooth_timer"
          +1m52s635ms (2) 100 -wake_lock_in=1002:"bluetooth_timer"
          +1m52s636ms (2) 100 +wake_lock_in=1002:"bluetooth_timer"
          +1m52s637ms (2) 100 -wake_lock_in=1002:"bluetooth_timer"
          +1m52s638ms (2) 100 -wake_lock_in=u0a157:"Doze"
          +1m52s652ms (2) 100 +wake_lock_in=1002:"bluetooth_timer"
          +1m52s653ms (2) 100 -wake_lock_in=1002:"bluetooth_timer"
          +1m52s655ms (2) 100 +wake_lock_in=1002:"bluetooth_timer"
          +1m52s656ms (2) 100 -wake_lock_in=1002:"bluetooth_timer"
          +1m52s657ms (2) 100 +wake_lock_in=1002:"bluetooth_timer"
          +1m52s657ms (2) 100 -wake_lock_in=1002:"bluetooth_timer"
          +1m52s659ms (2) 100 +wake_lock_in=1002:"bluetooth_timer"
          +1m52s659ms (2) 100 -wake_lock_in=1002:"bluetooth_timer"
          +1m52s660ms (2) 100 +wake_lock_in=1002:"bluetooth_timer"
          +1m52s661ms (2) 100 -wake_lock_in=1002:"bluetooth_timer"
          +1m52s661ms (2) 100 +job=u0a130:"com.google.android.apps.scone/.awareness.AwarenessJobIntentService"
          +1m52s663ms (2) 100 +wake_lock_in=u0a130:"*job*/com.google.android.apps.scone/.awareness.AwarenessJobIntentService"
          +1m52s668ms (2) 100 -wake_lock_in=u0a143:"CMWakeLock"
          +1m52s668ms (2) 100 +job=u0a130:"com.google.android.apps.scone/.awareness.RelayerJobIntentService"
          +1m52s669ms (2) 100 -job=u0a130:"com.google.android.apps.scone/.awareness.AwarenessJobIntentService"
          +1m52s669ms (2) 100 -wake_lock_in=u0a130:"*job*/com.google.android.apps.scone/.awareness.AwarenessJobIntentService"
          +1m52s671ms (2) 100 +wake_lock_in=u0a130:"*job*/com.google.android.apps.scone/.awareness.RelayerJobIntentService"
          +1m52s688ms (2) 100 +job=u0a130:"com.google.android.apps.scone/.log.LogJobIntentService"
          +1m52s689ms (2) 100 +wake_lock_in=u0a130:"*job*/com.google.android.apps.scone/.log.LogJobIntentService"
          +1m52s691ms (2) 100 -job=u0a130:"com.google.android.apps.scone/.awareness.RelayerJobIntentService"
          +1m52s691ms (2) 100 -wake_lock_in=u0a130:"*job*/com.google.android.apps.scone/.awareness.RelayerJobIntentService"
          +1m52s700ms (2) 100 -job=u0a130:"com.google.android.apps.scone/.log.LogJobIntentService"
          +1m52s700ms (2) 100 -wake_lock_in=u0a130:"*job*/com.google.android.apps.scone/.log.LogJobIntentService"
          +1m54s028ms (2) 100 -wake_lock_in=1041:"AudioMix"
          +1m55s648ms (1) 100 charge=3041
          +1m58s648ms (2) 100 +wake_lock_in=1002:"bluetooth_timer"
          +1m58s649ms (2) 100 -wake_lock_in=1002:"bluetooth_timer"
          +1m58s667ms (2) 100 +wake_lock_in=1002:"bluetooth_timer"
          +1m58s668ms (2) 100 -wake_lock_in=1002:"bluetooth_timer"
          +1m58s674ms (2) 100 +wake_lock_in=1002:"bluetooth_timer"
          +1m58s676ms (2) 100 -wake_lock_in=1002:"bluetooth_timer"
          +1m58s678ms (2) 100 +wake_lock_in=1002:"bluetooth_timer"
          +1m58s678ms (2) 100 -wake_lock_in=1002:"bluetooth_timer"
          +1m58s685ms (2) 100 +wake_lock_in=1002:"bluetooth_timer"
          +1m58s687ms (2) 100 -wake_lock_in=1002:"bluetooth_timer"
          +1m58s692ms (2) 100 +wake_lock_in=1002:"bluetooth_timer"
          +1m58s694ms (2) 100 -wake_lock_in=1002:"bluetooth_timer"
          +1m58s703ms (2) 100 +wake_lock_in=1002:"bluetooth_timer"
          +1m58s801ms (2) 100 -wake_lock_in=1002:"bluetooth_timer"
          +1m58s808ms (2) 100 +wake_lock_in=1002:"bluetooth_timer"
          +1m58s810ms (2) 100 -wake_lock_in=1002:"bluetooth_timer"
          +1m58s813ms (2) 100 +wake_lock_in=1002:"bluetooth_timer"
          +1m58s816ms (2) 100 -wake_lock_in=1002:"bluetooth_timer"
          +1m58s818ms (2) 100 +wake_lock_in=1002:"bluetooth_timer"
          +1m58s821ms (2) 100 -wake_lock_in=1002:"bluetooth_timer"
          +2m00s312ms (2) 100 brightness=dark
          +2m03s579ms (2) 100 +wake_lock_in=u0a143:"NlpWakeLock"
          +2m03s599ms (2) 100 -wake_lock_in=u0a143:"NlpWakeLock"
          +2m20s492ms (2) 100 +alarm=u0a133:"*walarm*:*job.delay*"
          +2m20s495ms (2) 100 +wake_lock_in=u0a133:"*walarm*:*job.delay*"
          +2m20s503ms (2) 100 -alarm=u0a133:"*walarm*:*job.delay*"
          +2m20s503ms (2) 100 -wake_lock_in=u0a133:"*walarm*:*job.delay*"
          +2m20s519ms (2) 100 +job=u0a133:"com.google.android.settings.intelligence/.modules.routines.impl.SampleCurrentRingerModeJobService"
          +2m20s529ms (2) 100 +wake_lock_in=u0a133:"*job*/com.google.android.settings.intelligence/.modules.routines.impl.SampleCurrentRingerModeJobService"
          +2m20s546ms (2) 100 +job=u0a133:"com.google.android.settings.intelligence/.modules.routines.impl.RoutinesJobIntentService"
          +2m20s551ms (2) 100 +wake_lock_in=u0a133:"*job*/com.google.android.settings.intelligence/.modules.routines.impl.RoutinesJobIntentService"
          +2m20s553ms (2) 100 -job=u0a133:"com.google.android.settings.intelligence/.modules.routines.impl.SampleCurrentRingerModeJobService"
          +2m20s553ms (2) 100 -wake_lock_in=u0a133:"*job*/com.google.android.settings.intelligence/.modules.routines.impl.SampleCurrentRingerModeJobService"
          +2m20s585ms (2) 100 -job=u0a133:"com.google.android.settings.intelligence/.modules.routines.impl.RoutinesJobIntentService"
          +2m20s585ms (2) 100 -wake_lock_in=u0a133:"*job*/com.google.android.settings.intelligence/.modules.routines.impl.RoutinesJobIntentService"
          +2m35s670ms (2) 100 +wake_lock_in=u0a143:"GCoreFlp"
          +2m35s674ms (2) 100 -wake_lock_in=u0a143:"GCoreFlp"
          +2m49s841ms (2) 100 +alarm=1000:"*alarm*:TIME_TICK"
          +2m49s846ms (2) 100 +wake_lock_in=1000:"*alarm*:TIME_TICK"
          +2m49s848ms (2) 100 -alarm=1000:"*alarm*:TIME_TICK"
          +2m49s848ms (2) 100 -wake_lock_in=1000:"*alarm*:TIME_TICK"
          +2m55s640ms (1) 100 charge=3044
          +3m49s836ms (2) 100 +alarm=1000:"*alarm*:TIME_TICK"
          +3m49s840ms (2) 100 +wake_lock_in=1000:"*alarm*:TIME_TICK"
          +3m49s843ms (2) 100 -alarm=1000:"*alarm*:TIME_TICK"
          +3m49s843ms (2) 100 -wake_lock_in=1000:"*alarm*:TIME_TICK"
          +3m55s649ms (1) 100 charge=3048
          +4m49s841ms (2) 100 +alarm=1000:"*alarm*:TIME_TICK"
          +4m49s845ms (2) 100 +wake_lock_in=1000:"*alarm*:TIME_TICK"
          +4m49s847ms (2) 100 -alarm=1000:"*alarm*:TIME_TICK"
          +4m49s847ms (2) 100 -wake_lock_in=1000:"*alarm*:TIME_TICK"
          +4m55s646ms (1) 100 charge=3051
          +5m49s840ms (2) 100 +alarm=1000:"*alarm*:TIME_TICK"
          +5m49s846ms (2) 100 +wake_lock_in=1000:"*alarm*:TIME_TICK"
          +5m49s848ms (2) 100 -alarm=1000:"*alarm*:TIME_TICK"
          +5m49s848ms (2) 100 -wake_lock_in=1000:"*alarm*:TIME_TICK"
          +5m55s646ms (1) 100 charge=3054
          +6m37s336ms (2) 100 +alarm=1000:"*alarm*:StatsCompanionService.pull"
          +6m37s340ms (2) 100 +wake_lock_in=1000:"*alarm*:StatsCompanionService.pull"
          +6m37s360ms (2) 100 -alarm=1000:"*alarm*:StatsCompanionService.pull"
          +6m37s360ms (2) 100 -wake_lock_in=1000:"*alarm*:StatsCompanionService.pull"
          +6m38s620ms (2) 100 +alarm=u0a143:"*walarm*:com.google.android.intent.action.GCM_RECONNECT"
          +6m38s626ms (2) 100 +wake_lock_in=u0a143:"*walarm*:com.google.android.intent.action.GCM_RECONNECT"
          +6m38s634ms (2) 100 +wake_lock_in=u0a143:"GCM_CONN_ALARM"
          +6m38s636ms (2) 100 +tmpwhitelist=u0a143:"broadcast:u0a143:com.google.android.intent.action.GCM_RECONNECT"
          +6m38s645ms (2) 100 -alarm=u0a143:"*walarm*:com.google.android.intent.action.GCM_RECONNECT"
          +6m38s645ms (2) 100 -wake_lock_in=u0a143:"*walarm*:com.google.android.intent.action.GCM_RECONNECT"
          +6m38s653ms (2) 100 -wake_lock_in=u0a143:"GCM_CONN_ALARM"
          +6m47s802ms (2) 100 +wake_lock_in=1001:"*telephony-radio*"
          +6m47s803ms (2) 100 -wake_lock_in=1001:"*telephony-radio*"
          +6m47s803ms (2) 100 +wake_lock_in=1000:"*telephony-radio*"
          +6m47s812ms (2) 100 -wake_lock_in=1000:"*telephony-radio*"
          +6m47s813ms (2) 100 +wake_lock_in=1001:"*telephony-radio*"
          +6m47s814ms (2) 100 -wake_lock_in=1001:"*telephony-radio*"
          +6m47s814ms (2) 100 stats=0:"write"
          +6m48s691ms (2) 100 -tmpwhitelist=u0a143:"broadcast:u0a143:com.google.android.intent.action.GCM_RECONNECT"
          +6m49s840ms (2) 100 +alarm=1000:"*alarm*:TIME_TICK"
          +6m49s843ms (2) 100 +wake_lock_in=1000:"*alarm*:TIME_TICK"
          +6m49s848ms (2) 100 -alarm=1000:"*alarm*:TIME_TICK"
          +6m49s848ms (2) 100 -wake_lock_in=1000:"*alarm*:TIME_TICK"
          +6m55s647ms (2) 100 temp=318 charge=3057
          +6m59s479ms (2) 100 +wake_lock_in=1002:"bluetooth_timer"
          +6m59s483ms (2) 100 -wake_lock_in=1002:"bluetooth_timer"
          +6m59s487ms (2) 100 +wake_lock_in=1002:"bluetooth_timer"
          +6m59s489ms (2) 100 -wake_lock_in=1002:"bluetooth_timer"
          +6m59s494ms (2) 100 +wake_lock_in=1002:"bluetooth_timer"
          +6m59s496ms (2) 100 -wake_lock_in=1002:"bluetooth_timer"
          +6m59s501ms (2) 100 +wake_lock_in=1002:"bluetooth_timer"
          +6m59s502ms (2) 100 -wake_lock_in=1002:"bluetooth_timer"
          +6m59s505ms (2) 100 +wake_lock_in=1002:"bluetooth_timer"
          +6m59s506ms (2) 100 -wake_lock_in=1002:"bluetooth_timer"
          +7m49s840ms (2) 100 +alarm=1000:"*alarm*:TIME_TICK"
          +7m49s844ms (2) 100 +wake_lock_in=1000:"*alarm*:TIME_TICK"
          +7m49s846ms (2) 100 -alarm=1000:"*alarm*:TIME_TICK"
          +7m49s846ms (2) 100 -wake_lock_in=1000:"*alarm*:TIME_TICK"
          +7m55s646ms (1) 100 charge=3060
          +8m17s464ms (2) 100 +wake_lock_in=1001:"*telephony-radio*"
          +8m17s465ms (2) 100 -wake_lock_in=1001:"*telephony-radio*"
          +8m17s465ms (2) 100 +wake_lock_in=1000:"*telephony-radio*"
          +8m17s474ms (2) 100 -wake_lock_in=1000:"*telephony-radio*"
          +8m17s474ms (2) 100 +wake_lock_in=1001:"*telephony-radio*"
          +8m17s474ms (2) 100 stats=0:"dump"
          +8m17s503ms (2) 100 -wake_lock_in=1001:"*telephony-radio*"
          +8m21s826ms (2) 100 +wake_lock_in=1001:"*telephony-radio*"
          +8m21s829ms (2) 100 -wake_lock_in=1001:"*telephony-radio*"
          +8m21s829ms (2) 100 +wake_lock_in=1001:"*telephony-radio*"
          +8m21s860ms (2) 100 -wake_lock_in=1001:"*telephony-radio*"
          +8m21s860ms (2) 100 +wake_lock_in=1001:"*telephony-radio*"
          +8m21s861ms (2) 100 -wake_lock_in=1001:"*telephony-radio*"
          +8m24s473ms (3) 100 +audio brightness=bright +wake_lock_in=1041:"AudioMix"
          +8m24s889ms (2) 100 -wake_lock_in=1041:"AudioMix"
          +8m24s889ms (2) 100 +wake_lock_in=u0a157:"AudioMix"
          +8m24s890ms (2) 100 +job=u0a124:"com.google.android.googlequicksearchbox/com.google.android.apps.gsa.tasks.BackgroundTasksJobService"
          +8m24s892ms (2) 100 +wake_lock_in=u0a124:"*job*/com.google.android.googlequicksearchbox/com.google.android.apps.gsa.tasks.BackgroundTasksJobService"
          +8m24s908ms (2) 100 +wake_lock_in=u0a143:"NlpWakeLock"
          +8m24s909ms (2) 100 -wake_lock_in=u0a143:"NlpWakeLock"
          +8m24s910ms (2) 100 +wake_lock_in=1027:"NfcService:mRoutingWakeLock"
          +8m24s914ms (2) 100 -wake_lock_in=1027:"NfcService:mRoutingWakeLock"
          +8m24s927ms (2) 100 -job=u0a124:"com.google.android.googlequicksearchbox/com.google.android.apps.gsa.tasks.BackgroundTasksJobService"
          +8m24s927ms (2) 100 -wake_lock_in=u0a124:"*job*/com.google.android.googlequicksearchbox/com.google.android.apps.gsa.tasks.BackgroundTasksJobService"
          +8m24s932ms (2) 100 +wake_lock_in=u0a143:"IntentOp:.common.broadcast.BackgroundBroadcastReceiverSupport$PersistentReceiverIntentOperation"
          +8m24s951ms (2) 100 +wifi_scan -wake_lock_in=u0a143:"IntentOp:.common.broadcast.BackgroundBroadcastReceiverSupport$PersistentReceiverIntentOperation"
          +8m25s165ms (2) 100 -wake_lock_in=u0a157:"AudioMix"
          +8m25s165ms (3) 100 -audio +wake_lock_in=1041:"AudioMix"
          +8m26s866ms (2) 100 -wifi_scan +wake_lock_in=u0a143:"CMWakeLock"
          +8m26s875ms (2) 100 -wake_lock_in=u0a143:"CMWakeLock"
          +8m28s223ms (2) 100 -wake_lock_in=1041:"AudioMix"
          +8m33s164ms (2) 100 +wake_lock_in=1001:"*telephony-radio*"
          +8m33s165ms (2) 100 -wake_lock_in=1001:"*telephony-radio*"
          +8m33s166ms (2) 100 +wake_lock_in=1000:"*telephony-radio*"
          +8m33s174ms (2) 100 -wake_lock_in=1000:"*telephony-radio*"
          +8m33s174ms (2) 100 +wake_lock_in=1001:"*telephony-radio*"
          +8m33s175ms (2) 100 -wake_lock_in=1001:"*telephony-radio*"
          +8m33s175ms (2) 100 stats=0:"dump"
          +8m39s972ms (2) 100 +alarm=1000:"*alarm*:com.android.server.action.NETWORK_STATS_POLL"
          +8m39s976ms (2) 100 +wake_lock_in=1000:"*alarm*:com.android.server.action.NETWORK_STATS_POLL"
          +8m39s976ms (2) 100 +alarm=u0a143:"*alarm*:com.google.android.gms.auth.authzen.cryptauth.DEVICE_STATE_CHECK_DELAY_COMPLETE"
          +8m39s977ms (2) 100 +wake_lock_in=1000:"NetworkStats"
          +8m39s989ms (2) 100 -alarm=u0a143:"*alarm*:com.google.android.gms.auth.authzen.cryptauth.DEVICE_STATE_CHECK_DELAY_COMPLETE"
          +8m40s014ms (2) 100 -wake_lock_in=1000:"NetworkStats"
          +8m40s020ms (2) 100 -alarm=1000:"*alarm*:com.android.server.action.NETWORK_STATS_POLL"
          +8m40s020ms (2) 100 -wake_lock_in=1000:"*alarm*:com.android.server.action.NETWORK_STATS_POLL"
          +8m49s841ms (2) 100 +alarm=1000:"*alarm*:TIME_TICK"
          +8m49s845ms (2) 100 +wake_lock_in=1000:"*alarm*:TIME_TICK"
          +8m49s848ms (2) 100 -alarm=1000:"*alarm*:TIME_TICK"
          +8m49s848ms (2) 100 -wake_lock_in=1000:"*alarm*:TIME_TICK"
          +8m52s248ms (2) 100 brightness=dark
          +8m55s647ms (1) 100 charge=3063
          +9m37s523ms (2) 100 +wake_lock_in=1001:"*telephony-radio*"
          +9m37s524ms (2) 100 -wake_lock_in=1001:"*telephony-radio*"
          +9m37s524ms (2) 100 +wake_lock_in=1000:"*telephony-radio*"
          +9m37s532ms (2) 100 -wake_lock_in=1000:"*telephony-radio*"
          +9m37s532ms (2) 100 +wake_lock_in=1001:"*telephony-radio*"
          +9m37s533ms (2) 100 -wake_lock_in=1001:"*telephony-radio*"
          +9m37s576ms (2) 100 stats=0:"dump"
          +9m39s231ms (1) 100 charge=3065
          +9m45s184ms (2) 100 +wake_lock_in=1000:"PhoneWindowManager.mPowerKeyWakeLock"
          +9m45s372ms (2) 100 -wake_lock_in=1000:"PhoneWindowManager.mPowerKeyWakeLock"
          +9m45s400ms (2) 100 +wake_lock_in=1041:"AudioMix"
          +9m45s403ms (3) 100 +audio -wake_lock_in=1041:"AudioMix"
          +9m45s403ms (3) 100 -audio +wake_lock_in=u0a157:"AudioMix"
          +9m45s688ms (2) 100 -wake_lock_in=u0a157:"AudioMix"
          +9m45s688ms (3) 100 -screen +wake_lock_in=1041:"AudioMix"
          +9m45s860ms (2) 100 -wake_lock_in=-1:"screen"
          +9m45s860ms (2) 100 stats=0:"screen-state"
          +9m45s888ms (2) 100 +wake_lock_in=1000:"ActivityManager-Sleep"
          +9m45s920ms (2) 100 -wake_lock_in=1000:"ActivityManager-Sleep"
          +9m46s054ms (2) 100 +wake_lock_in=1000:"startDream"
          +9m46s068ms (2) 100 +wake_lock_in=u0a157:"Doze"
          +9m46s076ms (2) 100 +wake_lock_in=u0a157:"Scrims"
          +9m46s114ms (2) 100 -wake_lock_in=1000:"startDream"
          +9m46s117ms (2) 100 +wake_lock_in=u0a157:"show keyguard"
          +9m46s168ms (2) 100 -wake_lock_in=u0a157:"show keyguard"
          +9m46s206ms (2) 100 +wake_lock_in=1027:"NfcService:mRoutingWakeLock"
          +9m46s206ms (2) 100 -wake_lock_in=1027:"NfcService:mRoutingWakeLock"
          +9m46s212ms (2) 100 +wake_lock_in=u0a143:"Wakeful StateMachine: GeofencerStateMachine"
          +9m46s216ms (2) 100 -wake_lock_in=u0a157:"Doze"
          +9m46s225ms (2) 100 -wake_lock_in=u0a143:"Wakeful StateMachine: GeofencerStateMachine"
          +9m46s236ms (2) 100 +wake_lock_in=u0a143:"NlpWakeLock"
          +9m46s244ms (2) 100 +wake_lock_in=1002:"bluetooth_timer"
          +9m46s246ms (2) 100 -wake_lock_in=1002:"bluetooth_timer"
          +9m46s247ms (2) 100 +wake_lock_in=1002:"bluetooth_timer"
          +9m46s247ms (2) 100 -wake_lock_in=u0a143:"NlpWakeLock"
          +9m46s248ms (2) 100 -wake_lock_in=1002:"bluetooth_timer"
          +9m46s249ms (2) 100 +wake_lock_in=1002:"bluetooth_timer"
          +9m46s249ms (2) 100 -wake_lock_in=1002:"bluetooth_timer"
          +9m46s256ms (2) 100 -ble_scan +wake_lock_in=u0a143:"CMWakeLock"
          +9m46s283ms (2) 100 +job=u0a130:"com.google.android.apps.scone/.awareness.AwarenessJobIntentService"
          +9m46s284ms (2) 100 +wake_lock_in=u0a130:"*job*/com.google.android.apps.scone/.awareness.AwarenessJobIntentService"
          +9m46s292ms (2) 100 +job=u0a130:"com.google.android.apps.scone/.awareness.RelayerJobIntentService"
          +9m46s293ms (2) 100 +wake_lock_in=u0a130:"*job*/com.google.android.apps.scone/.awareness.RelayerJobIntentService"
          +9m46s293ms (2) 100 -job=u0a130:"com.google.android.apps.scone/.awareness.AwarenessJobIntentService"
          +9m46s294ms (2) 100 -wake_lock_in=u0a130:"*job*/com.google.android.apps.scone/.awareness.AwarenessJobIntentService"
          +9m46s298ms (2) 100 -wake_lock_in=u0a143:"CMWakeLock"
          +9m46s306ms (2) 100 +job=u0a130:"com.google.android.apps.scone/.log.LogJobIntentService"
          +9m46s307ms (2) 100 +wake_lock_in=u0a130:"*job*/com.google.android.apps.scone/.log.LogJobIntentService"
          +9m46s309ms (2) 100 -job=u0a130:"com.google.android.apps.scone/.awareness.RelayerJobIntentService"
          +9m46s310ms (2) 100 -wake_lock_in=u0a130:"*job*/com.google.android.apps.scone/.awareness.RelayerJobIntentService"
          +9m46s344ms (2) 100 -job=u0a130:"com.google.android.apps.scone/.log.LogJobIntentService"
          +9m46s344ms (2) 100 -wake_lock_in=u0a130:"*job*/com.google.android.apps.scone/.log.LogJobIntentService"
          +9m46s777ms (2) 100 -wake_lock_in=u0a157:"Scrims"
          +9m47s362ms (2) 100 +wake_lock_in=1001:"*telephony-radio*"
          +9m47s363ms (2) 100 -wake_lock_in=1001:"*telephony-radio*"
          +9m47s363ms (2) 100 +wake_lock_in=1000:"*telephony-radio*"
          +9m47s371ms (2) 100 stats=0:"dump"
          +9m47s393ms (2) 100 -wake_lock_in=1000:"*telephony-radio*"
          +9m47s393ms (2) 100 +wake_lock_in=1001:"*telephony-radio*"
          +9m47s401ms (2) 100 -wake_lock_in=1001:"*telephony-radio*"
          +9m48s764ms (2) 100 -wake_lock -wake_lock_in=1041:"AudioMix"
          +9m53s284ms (3) 100 +wake_lock=1001:"QcrilOemhookMsgTunnel" +wake_lock_in=1001:"QcrilOemhookMsgTunnel"
          +9m53s289ms (2) 100 +wake_lock_in=1001:"RILJ_ACK_WL"
          +9m53s298ms (2) 100 -wake_lock_in=1001:"QcrilOemhookMsgTunnel"
          +9m53s300ms (2) 100 +wake_lock_in=1001:"*telephony-radio*"
          +9m53s303ms (2) 100 -wake_lock_in=1001:"*telephony-radio*"
          +9m53s304ms (2) 100 +wake_lock_in=1001:"*telephony-radio*"
          +9m53s330ms (2) 100 -wake_lock_in=1001:"*telephony-radio*"
          +9m53s330ms (2) 100 +wake_lock_in=1001:"*telephony-radio*"
          +9m53s332ms (2) 100 -wake_lock_in=1001:"*telephony-radio*"
          +9m53s494ms (2) 100 -wake_lock -wake_lock_in=1001:"RILJ_ACK_WL"
          +9m55s646ms (1) 100
          +9m58s379ms (2) 100 status=full charge=3073

Total cpu time reads: 0
Batched cpu time reads: 0
Batching Duration (min): 2075
All UID cpu time reads since the later of device start or stats reset: 164
UIDs removed since the later of device start or stats reset: 0
